\BOOKMARK [0][-]{chapter.1}{\376\377\0001\000\040\000R\000E\000A\000D\000M\000E}{}% 1
\BOOKMARK [1][-]{section.1.1}{\376\377\0001\000.\0001\000\040\133\236\232\214\116\000\000\040\000V\000i\000s\000u\000a\000l\000\040\000C\000+\000+\000\040\127\372\116\216\124\175\116\344\143\320\171\072\173\046\166\204\172\013\136\217\213\276\213\241}{chapter.1}% 2
\BOOKMARK [2][-]{subsection.1.1.1}{\376\377\0001\000.\0001\000.\0001\000\040\116\000\060\001\000\040\133\236\232\214\166\356\166\204}{section.1.1}% 3
\BOOKMARK [2][-]{subsection.1.1.2}{\376\377\0001\000.\0001\000.\0002\000\040\116\214\060\001\133\236\232\214\121\205\133\271}{section.1.1}% 4
\BOOKMARK [2][-]{subsection.1.1.3}{\376\377\0001\000.\0001\000.\0003\000\040\116\011\060\001\116\073\211\201\172\013\136\217\213\364\146\016}{section.1.1}% 5
\BOOKMARK [3][-]{subsubsection.1.1.3.1}{\376\377\0001\000.\0001\000.\0003\000.\0001\000\040\174\173\166\204\213\346\176\306\213\364\146\016\377\010\131\202\134\136\140\047\060\001\145\271\154\325\377\011}{subsection.1.1.3}% 6
\BOOKMARK [3][-]{subsubsection.1.1.3.2}{\376\377\0001\000.\0001\000.\0003\000.\0002\000\040\124\004\145\271\154\325\166\204\213\346\176\306\213\364\146\016\377\010\145\271\154\325\124\015\060\001\123\302\145\160\060\001\122\237\200\375\143\317\217\360\377\011}{subsection.1.1.3}% 7
\BOOKMARK [3][-]{subsubsection.1.1.3.3}{\376\377\0001\000.\0001\000.\0003\000.\0003\000\040\124\175\116\344\116\016\133\371\214\141\145\271\154\325\166\204\214\003\165\050\121\163\174\373}{subsection.1.1.3}% 8
\BOOKMARK [3][-]{subsubsection.1.1.3.4}{\376\377\0001\000.\0001\000.\0003\000.\0004\000\040\121\163\225\056\145\271\154\325\166\204\133\236\163\260\377\010\131\202\155\373\122\240\060\001\147\345\142\176\060\001\122\040\226\144\200\124\174\373\116\272\060\001\143\222\136\217\173\111\377\011}{subsection.1.1.3}% 9
\BOOKMARK [2][-]{subsection.1.1.4}{\376\377\0001\000.\0001\000.\0004\000\040\126\333\060\001\172\013\136\217\155\113\213\325\217\307\172\013}{section.1.1}% 10
\BOOKMARK [2][-]{subsection.1.1.5}{\376\377\0001\000.\0001\000.\0005\000\040\116\224\060\001\213\250\213\272\123\312\137\303\137\227}{section.1.1}% 11
\BOOKMARK [0][-]{chapter.2}{\376\377\0002\000\040\155\113\213\325\122\027\210\150}{}% 12
\BOOKMARK [0][-]{chapter.3}{\376\377\0003\000\040\137\205\122\236\116\213\230\171\122\027\210\150}{}% 13
\BOOKMARK [0][-]{chapter.4}{\376\377\0004\000\040\174\173\175\042\137\025}{}% 14
\BOOKMARK [1][-]{section.4.1}{\376\377\0004\000.\0001\000\040\174\173\122\027\210\150}{chapter.4}% 15
\BOOKMARK [0][-]{chapter.5}{\376\377\0005\000\040\145\207\116\366\175\042\137\025}{}% 16
\BOOKMARK [1][-]{section.5.1}{\376\377\0005\000.\0001\000\040\145\207\116\366\122\027\210\150}{chapter.5}% 17
\BOOKMARK [0][-]{chapter.6}{\376\377\0006\000\040\174\173\213\364\146\016}{}% 18
\BOOKMARK [1][-]{section.6.1}{\376\377\0006\000.\0001\000\040\000A\000d\000d\000r\000e\000s\000s\000B\000o\000o\000k\174\173\000\040\123\302\200\003}{chapter.6}% 19
\BOOKMARK [2][-]{subsection.6.1.1}{\376\377\0006\000.\0001\000.\0001\000\040\213\346\176\306\143\317\217\360}{section.6.1}% 20
\BOOKMARK [2][-]{subsection.6.1.2}{\376\377\0006\000.\0001\000.\0002\000\040\147\204\220\040\123\312\147\220\147\204\121\375\145\160\213\364\146\016}{section.6.1}% 21
\BOOKMARK [3][-]{subsubsection.6.1.2.1}{\376\377\0006\000.\0001\000.\0002\000.\0001\000\040\000A\000d\000d\000r\000e\000s\000s\000B\000o\000o\000k\000\050\000\051}{subsection.6.1.2}% 22
\BOOKMARK [3][-]{subsubsection.6.1.2.2}{\376\377\0006\000.\0001\000.\0002\000.\0002\000\040\000\040\000A\000d\000d\000r\000e\000s\000s\000B\000o\000o\000k\000\050\000\051}{subsection.6.1.2}% 23
\BOOKMARK [2][-]{subsection.6.1.3}{\376\377\0006\000.\0001\000.\0003\000\040\142\020\124\130\121\375\145\160\213\364\146\016}{section.6.1}% 24
\BOOKMARK [3][-]{subsubsection.6.1.3.1}{\376\377\0006\000.\0001\000.\0003\000.\0001\000\040\000A\000d\000d\000\050\000\051}{subsection.6.1.3}% 25
\BOOKMARK [3][-]{subsubsection.6.1.3.2}{\376\377\0006\000.\0001\000.\0003\000.\0002\000\040\000A\000d\000d\000C\000o\000n\000t\000a\000c\000t\000\050\000\051}{subsection.6.1.3}% 26
\BOOKMARK [3][-]{subsubsection.6.1.3.3}{\376\377\0006\000.\0001\000.\0003\000.\0003\000\040\000D\000e\000l\000e\000t\000e\000\050\000\051}{subsection.6.1.3}% 27
\BOOKMARK [3][-]{subsubsection.6.1.3.4}{\376\377\0006\000.\0001\000.\0003\000.\0004\000\040\000F\000i\000n\000d\000\050\000\051}{subsection.6.1.3}% 28
\BOOKMARK [3][-]{subsubsection.6.1.3.5}{\376\377\0006\000.\0001\000.\0003\000.\0005\000\040\000i\000n\000d\000e\000x\000S\000a\000f\000e\000\050\000\051}{subsection.6.1.3}% 29
\BOOKMARK [3][-]{subsubsection.6.1.3.6}{\376\377\0006\000.\0001\000.\0003\000.\0006\000\040\000L\000i\000s\000t\000\050\000\051}{subsection.6.1.3}% 30
\BOOKMARK [3][-]{subsubsection.6.1.3.7}{\376\377\0006\000.\0001\000.\0003\000.\0007\000\040\000L\000i\000s\000t\000G\000r\000o\000u\000p\000\050\000\051}{subsection.6.1.3}% 31
\BOOKMARK [3][-]{subsubsection.6.1.3.8}{\376\377\0006\000.\0001\000.\0003\000.\0008\000\040\000o\000p\000e\000r\000a\000t\000o\000r\000[\000]\000\050\000\051}{subsection.6.1.3}% 32
\BOOKMARK [3][-]{subsubsection.6.1.3.9}{\376\377\0006\000.\0001\000.\0003\000.\0009\000\040\000S\000o\000r\000t\000\050\000\051}{subsection.6.1.3}% 33
\BOOKMARK [3][-]{subsubsection.6.1.3.10}{\376\377\0006\000.\0001\000.\0003\000.\0001\0000\000\040\000S\000o\000r\000t\000G\000r\000o\000u\000p\000\050\000\051}{subsection.6.1.3}% 34
\BOOKMARK [2][-]{subsection.6.1.4}{\376\377\0006\000.\0001\000.\0004\000\040\174\173\142\020\124\130\123\330\221\317\213\364\146\016}{section.6.1}% 35
\BOOKMARK [3][-]{subsubsection.6.1.4.1}{\376\377\0006\000.\0001\000.\0004\000.\0001\000\040\000B\000o\000o\000k}{subsection.6.1.4}% 36
\BOOKMARK [1][-]{section.6.2}{\376\377\0006\000.\0002\000\040\000C\000C\000o\000n\000t\000a\000c\000t\174\173\000\040\123\302\200\003}{chapter.6}% 37
\BOOKMARK [2][-]{subsection.6.2.1}{\376\377\0006\000.\0002\000.\0001\000\040\213\346\176\306\143\317\217\360}{section.6.2}% 38
\BOOKMARK [2][-]{subsection.6.2.2}{\376\377\0006\000.\0002\000.\0002\000\040\147\204\220\040\123\312\147\220\147\204\121\375\145\160\213\364\146\016}{section.6.2}% 39
\BOOKMARK [3][-]{subsubsection.6.2.2.1}{\376\377\0006\000.\0002\000.\0002\000.\0001\000\040\000C\000C\000o\000n\000t\000a\000c\000t\000\050\000\051\000\040\000[\0001\000/\0003\000]}{subsection.6.2.2}% 40
\BOOKMARK [3][-]{subsubsection.6.2.2.2}{\376\377\0006\000.\0002\000.\0002\000.\0002\000\040\000C\000C\000o\000n\000t\000a\000c\000t\000\050\000\051\000\040\000[\0002\000/\0003\000]}{subsection.6.2.2}% 41
\BOOKMARK [3][-]{subsubsection.6.2.2.3}{\376\377\0006\000.\0002\000.\0002\000.\0003\000\040\000C\000C\000o\000n\000t\000a\000c\000t\000\050\000\051\000\040\000[\0003\000/\0003\000]}{subsection.6.2.2}% 42
\BOOKMARK [3][-]{subsubsection.6.2.2.4}{\376\377\0006\000.\0002\000.\0002\000.\0004\000\040\000\040\000C\000C\000o\000n\000t\000a\000c\000t\000\050\000\051}{subsection.6.2.2}% 43
\BOOKMARK [2][-]{subsection.6.2.3}{\376\377\0006\000.\0002\000.\0003\000\040\142\020\124\130\121\375\145\160\213\364\146\016}{section.6.2}% 44
\BOOKMARK [3][-]{subsubsection.6.2.3.1}{\376\377\0006\000.\0002\000.\0003\000.\0001\000\040\000g\000e\000t\000C\000o\000n\000t\000a\000c\000t\000\050\000\051}{subsection.6.2.3}% 45
\BOOKMARK [3][-]{subsubsection.6.2.3.2}{\376\377\0006\000.\0002\000.\0003\000.\0002\000\040\000o\000p\000e\000r\000a\000t\000o\000r\000<\000\050\000\051}{subsection.6.2.3}% 46
\BOOKMARK [3][-]{subsubsection.6.2.3.3}{\376\377\0006\000.\0002\000.\0003\000.\0003\000\040\000o\000p\000e\000r\000a\000t\000o\000r\000=\000\050\000\051}{subsection.6.2.3}% 47
\BOOKMARK [3][-]{subsubsection.6.2.3.4}{\376\377\0006\000.\0002\000.\0003\000.\0004\000\040\000P\000a\000t\000t\000e\000r\000n\000M\000a\000t\000c\000h\000\050\000\051}{subsection.6.2.3}% 48
\BOOKMARK [3][-]{subsubsection.6.2.3.5}{\376\377\0006\000.\0002\000.\0003\000.\0005\000\040\000s\000e\000t\000C\000o\000n\000t\000a\000c\000t\000\050\000\051}{subsection.6.2.3}% 49
\BOOKMARK [2][-]{subsection.6.2.4}{\376\377\0006\000.\0002\000.\0004\000\040\123\313\121\103\123\312\166\370\121\163\121\375\145\160\145\207\150\143}{section.6.2}% 50
\BOOKMARK [3][-]{subsubsection.6.2.4.1}{\376\377\0006\000.\0002\000.\0004\000.\0001\000\040\000o\000p\000e\000r\000a\000t\000o\000r\000<\000<}{subsection.6.2.4}% 51
\BOOKMARK [3][-]{subsubsection.6.2.4.2}{\376\377\0006\000.\0002\000.\0004\000.\0002\000\040\000o\000p\000e\000r\000a\000t\000o\000r\000>\000>}{subsection.6.2.4}% 52
\BOOKMARK [3][-]{subsubsection.6.2.4.3}{\376\377\0006\000.\0002\000.\0004\000.\0003\000\040\000p\000r}{subsection.6.2.4}% 53
\BOOKMARK [2][-]{subsection.6.2.5}{\376\377\0006\000.\0002\000.\0005\000\040\174\173\142\020\124\130\123\330\221\317\213\364\146\016}{section.6.2}% 54
\BOOKMARK [3][-]{subsubsection.6.2.5.1}{\376\377\0006\000.\0002\000.\0005\000.\0001\000\040\000G\000r\000o\000u\000p}{subsection.6.2.5}% 55
\BOOKMARK [3][-]{subsubsection.6.2.5.2}{\376\377\0006\000.\0002\000.\0005\000.\0002\000\040\000N\000a\000m\000e}{subsection.6.2.5}% 56
\BOOKMARK [3][-]{subsubsection.6.2.5.3}{\376\377\0006\000.\0002\000.\0005\000.\0003\000\040\000N\000u\000m\000b\000e\000r}{subsection.6.2.5}% 57
\BOOKMARK [1][-]{section.6.3}{\376\377\0006\000.\0003\000\040\000M\000a\000i\000n\000F\000u\000n\000c\000t\000i\000o\000n\174\173\000\040\123\302\200\003}{chapter.6}% 58
\BOOKMARK [2][-]{subsection.6.3.1}{\376\377\0006\000.\0003\000.\0001\000\040\213\346\176\306\143\317\217\360}{section.6.3}% 59
\BOOKMARK [2][-]{subsection.6.3.2}{\376\377\0006\000.\0003\000.\0002\000\040\147\204\220\040\123\312\147\220\147\204\121\375\145\160\213\364\146\016}{section.6.3}% 60
\BOOKMARK [3][-]{subsubsection.6.3.2.1}{\376\377\0006\000.\0003\000.\0002\000.\0001\000\040\000M\000a\000i\000n\000F\000u\000n\000c\000t\000i\000o\000n\000\050\000\051}{subsection.6.3.2}% 61
\BOOKMARK [3][-]{subsubsection.6.3.2.2}{\376\377\0006\000.\0003\000.\0002\000.\0002\000\040\000\040\000M\000a\000i\000n\000F\000u\000n\000c\000t\000i\000o\000n\000\050\000\051}{subsection.6.3.2}% 62
\BOOKMARK [2][-]{subsection.6.3.3}{\376\377\0006\000.\0003\000.\0003\000\040\142\020\124\130\121\375\145\160\213\364\146\016}{section.6.3}% 63
\BOOKMARK [3][-]{subsubsection.6.3.3.1}{\376\377\0006\000.\0003\000.\0003\000.\0001\000\040\000A\000d\000d\000C\000o\000m\000m\000a\000n\000d\000\050\000\051}{subsection.6.3.3}% 64
\BOOKMARK [3][-]{subsubsection.6.3.3.2}{\376\377\0006\000.\0003\000.\0003\000.\0002\000\040\000D\000e\000l\000e\000t\000e\000C\000o\000m\000m\000a\000n\000d\000\050\000\051}{subsection.6.3.3}% 65
\BOOKMARK [3][-]{subsubsection.6.3.3.3}{\376\377\0006\000.\0003\000.\0003\000.\0003\000\040\000E\000x\000i\000t\000C\000o\000m\000m\000a\000n\000d\000\050\000\051}{subsection.6.3.3}% 66
\BOOKMARK [3][-]{subsubsection.6.3.3.4}{\376\377\0006\000.\0003\000.\0003\000.\0004\000\040\000F\000i\000n\000d\000C\000o\000m\000m\000a\000n\000d\000\050\000\051}{subsection.6.3.3}% 67
\BOOKMARK [3][-]{subsubsection.6.3.3.5}{\376\377\0006\000.\0003\000.\0003\000.\0005\000\040\000H\000e\000l\000p\000C\000o\000m\000m\000a\000n\000d\000\050\000\051}{subsection.6.3.3}% 68
\BOOKMARK [3][-]{subsubsection.6.3.3.6}{\376\377\0006\000.\0003\000.\0003\000.\0006\000\040\000L\000i\000s\000t\000C\000o\000m\000m\000a\000n\000d\000\050\000\051}{subsection.6.3.3}% 69
\BOOKMARK [3][-]{subsubsection.6.3.3.7}{\376\377\0006\000.\0003\000.\0003\000.\0007\000\040\000L\000i\000s\000t\000G\000r\000o\000u\000p\000C\000o\000m\000m\000a\000n\000d\000\050\000\051}{subsection.6.3.3}% 70
\BOOKMARK [3][-]{subsubsection.6.3.3.8}{\376\377\0006\000.\0003\000.\0003\000.\0008\000\040\000S\000o\000r\000t\000C\000o\000m\000m\000a\000n\000d\000\050\000\051}{subsection.6.3.3}% 71
\BOOKMARK [3][-]{subsubsection.6.3.3.9}{\376\377\0006\000.\0003\000.\0003\000.\0009\000\040\000S\000o\000r\000t\000G\000r\000o\000u\000p\000C\000o\000m\000m\000a\000n\000d\000\050\000\051}{subsection.6.3.3}% 72
\BOOKMARK [3][-]{subsubsection.6.3.3.10}{\376\377\0006\000.\0003\000.\0003\000.\0001\0000\000\040\000S\000y\000s\000t\000e\000m\000P\000a\000u\000s\000e\000F\000u\000n\000c\000t\000i\000o\000n\000\050\000\051}{subsection.6.3.3}% 73
\BOOKMARK [0][-]{chapter.7}{\376\377\0007\000\040\145\207\116\366\213\364\146\016}{}% 74
\BOOKMARK [1][-]{section.7.1}{\376\377\0007\000.\0001\000\040\000A\000d\000d\000r\000e\000s\000s\000B\000o\000o\000k\000.\000c\000p\000p\000\040\145\207\116\366\123\302\200\003}{chapter.7}% 75
\BOOKMARK [1][-]{section.7.2}{\376\377\0007\000.\0002\000\040\000A\000d\000d\000r\000e\000s\000s\000B\000o\000o\000k\000.\000c\000p\000p}{chapter.7}% 76
\BOOKMARK [1][-]{section.7.3}{\376\377\0007\000.\0003\000\040\000A\000d\000d\000r\000e\000s\000s\000B\000o\000o\000k\000.\000h\000\040\145\207\116\366\123\302\200\003}{chapter.7}% 77
\BOOKMARK [1][-]{section.7.4}{\376\377\0007\000.\0004\000\040\000A\000d\000d\000r\000e\000s\000s\000B\000o\000o\000k\000.\000h}{chapter.7}% 78
\BOOKMARK [1][-]{section.7.5}{\376\377\0007\000.\0005\000\040\000C\000C\000o\000n\000t\000a\000c\000t\000.\000c\000p\000p\000\040\145\207\116\366\123\302\200\003}{chapter.7}% 79
\BOOKMARK [2][-]{subsection.7.5.1}{\376\377\0007\000.\0005\000.\0001\000\040\121\375\145\160\213\364\146\016}{section.7.5}% 80
\BOOKMARK [3][-]{subsubsection.7.5.1.1}{\376\377\0007\000.\0005\000.\0001\000.\0001\000\040\000m\000a\000t\000c\000h\000\050\000\051}{subsection.7.5.1}% 81
\BOOKMARK [3][-]{subsubsection.7.5.1.2}{\376\377\0007\000.\0005\000.\0001\000.\0002\000\040\000o\000p\000e\000r\000a\000t\000o\000r\000<\000<\000\050\000\051}{subsection.7.5.1}% 82
\BOOKMARK [3][-]{subsubsection.7.5.1.3}{\376\377\0007\000.\0005\000.\0001\000.\0003\000\040\000o\000p\000e\000r\000a\000t\000o\000r\000>\000>\000\050\000\051}{subsection.7.5.1}% 83
\BOOKMARK [3][-]{subsubsection.7.5.1.4}{\376\377\0007\000.\0005\000.\0001\000.\0004\000\040\000p\000r\000\050\000\051}{subsection.7.5.1}% 84
\BOOKMARK [1][-]{section.7.6}{\376\377\0007\000.\0006\000\040\000C\000C\000o\000n\000t\000a\000c\000t\000.\000c\000p\000p}{chapter.7}% 85
\BOOKMARK [1][-]{section.7.7}{\376\377\0007\000.\0007\000\040\000C\000C\000o\000n\000t\000a\000c\000t\000.\000h\000\040\145\207\116\366\123\302\200\003}{chapter.7}% 86
\BOOKMARK [2][-]{subsection.7.7.1}{\376\377\0007\000.\0007\000.\0001\000\040\121\375\145\160\213\364\146\016}{section.7.7}% 87
\BOOKMARK [3][-]{subsubsection.7.7.1.1}{\376\377\0007\000.\0007\000.\0001\000.\0001\000\040\000m\000a\000t\000c\000h\000\050\000\051}{subsection.7.7.1}% 88
\BOOKMARK [1][-]{section.7.8}{\376\377\0007\000.\0008\000\040\000C\000C\000o\000n\000t\000a\000c\000t\000.\000h}{chapter.7}% 89
\BOOKMARK [1][-]{section.7.9}{\376\377\0007\000.\0009\000\040\000m\000a\000i\000n\000.\000c\000p\000p\000\040\145\207\116\366\123\302\200\003}{chapter.7}% 90
\BOOKMARK [2][-]{subsection.7.9.1}{\376\377\0007\000.\0009\000.\0001\000\040\121\375\145\160\213\364\146\016}{section.7.9}% 91
\BOOKMARK [3][-]{subsubsection.7.9.1.1}{\376\377\0007\000.\0009\000.\0001\000.\0001\000\040\000m\000a\000i\000n\000\050\000\051}{subsection.7.9.1}% 92
\BOOKMARK [1][-]{section.7.10}{\376\377\0007\000.\0001\0000\000\040\000m\000a\000i\000n\000.\000c\000p\000p}{chapter.7}% 93
\BOOKMARK [1][-]{section.7.11}{\376\377\0007\000.\0001\0001\000\040\000M\000a\000i\000n\000F\000u\000n\000c\000t\000i\000o\000n\000.\000c\000p\000p\000\040\145\207\116\366\123\302\200\003}{chapter.7}% 94
\BOOKMARK [1][-]{section.7.12}{\376\377\0007\000.\0001\0002\000\040\000M\000a\000i\000n\000F\000u\000n\000c\000t\000i\000o\000n\000.\000c\000p\000p}{chapter.7}% 95
\BOOKMARK [1][-]{section.7.13}{\376\377\0007\000.\0001\0003\000\040\000R\000E\000A\000D\000M\000E\000.\000m\000d\000\040\145\207\116\366\123\302\200\003}{chapter.7}% 96
\BOOKMARK [0][-]{section*.14}{\376\377\000I\000n\000d\000e\000x}{}% 97
