\BOOKMARK [0][-]{chapter.1}{\376\377\0001\000\040\000R\000E\000A\000D\000M\000E}{}% 1
\BOOKMARK [1][-]{section.1.1}{\376\377\0001\000.\0001\000\040\133\236\232\214\116\214\000\040\127\372\116\216\000\040\000Q\000T\000\040\000G\000U\000I\000\040\213\241\173\227\126\150\172\013\136\217\213\276\213\241}{chapter.1}% 2
\BOOKMARK [2][-]{subsection.1.1.1}{\376\377\0001\000.\0001\000.\0001\000\040\133\236\232\214\166\356\166\204}{section.1.1}% 3
\BOOKMARK [2][-]{subsection.1.1.2}{\376\377\0001\000.\0001\000.\0002\000\040\133\236\232\214\116\073\211\201\123\237\164\006\213\364\146\016}{section.1.1}% 4
\BOOKMARK [3][-]{subsubsection.1.1.2.1}{\376\377\0001\000.\0001\000.\0002\000.\0001\000\040\000Q\000t\136\070\165\050\220\350\116\366}{subsection.1.1.2}% 5
\BOOKMARK [3][-]{subsubsection.1.1.2.2}{\376\377\0001\000.\0001\000.\0002\000.\0002\000\040\133\371\213\335\150\106\213\277\225\356\220\350\116\366\166\204\145\271\154\325}{subsection.1.1.2}% 6
\BOOKMARK [3][-]{subsubsection.1.1.2.3}{\376\377\0001\000.\0001\000.\0002\000.\0003\000\040\127\372\116\216\116\213\116\366\232\161\122\250\166\204\155\210\140\157\147\072\122\066\173\200\211\201\213\364\146\016}{subsection.1.1.2}% 7
\BOOKMARK [3][-]{subsubsection.1.1.2.4}{\376\377\0001\000.\0001\000.\0002\000.\0004\000\040\000Q\000t\117\341\123\367\116\016\151\375\220\032\117\341\147\072\122\066\173\200\211\201\213\364\146\016}{subsection.1.1.2}% 8
\BOOKMARK [2][-]{subsection.1.1.3}{\376\377\0001\000.\0001\000.\0003\000\040\133\236\232\214\121\205\133\271\123\312\133\236\163\260}{section.1.1}% 9
\BOOKMARK [3][-]{subsubsection.1.1.3.1}{\376\377\0001\000.\0001\000.\0003\000.\0001\000\040\173\200\146\023\213\241\173\227\126\150}{subsection.1.1.3}% 10
\BOOKMARK [3][-]{subsubsection.1.1.3.2}{\376\377\0001\000.\0001\000.\0003\000.\0002\000\040\217\333\226\066\213\241\173\227\126\150}{subsection.1.1.3}% 11
\BOOKMARK [2][-]{subsection.1.1.4}{\376\377\0001\000.\0001\000.\0004\000\040\172\013\136\217\155\113\213\325}{section.1.1}% 12
\BOOKMARK [2][-]{subsection.1.1.5}{\376\377\0001\000.\0001\000.\0005\000\040\213\250\213\272\123\312\137\303\137\227}{section.1.1}% 13
\BOOKMARK [0][-]{chapter.2}{\376\377\0002\000\040\124\175\124\015\172\172\225\364\175\042\137\025}{}% 14
\BOOKMARK [1][-]{section.2.1}{\376\377\0002\000.\0001\000\040\124\175\124\015\172\172\225\364\122\027\210\150}{chapter.2}% 15
\BOOKMARK [0][-]{chapter.3}{\376\377\0003\000\040\176\347\142\177\121\163\174\373\175\042\137\025}{}% 16
\BOOKMARK [1][-]{section.3.1}{\376\377\0003\000.\0001\000\040\174\173\176\347\142\177\121\163\174\373}{chapter.3}% 17
\BOOKMARK [0][-]{chapter.4}{\376\377\0004\000\040\174\173\175\042\137\025}{}% 18
\BOOKMARK [1][-]{section.4.1}{\376\377\0004\000.\0001\000\040\174\173\122\027\210\150}{chapter.4}% 19
\BOOKMARK [0][-]{chapter.5}{\376\377\0005\000\040\145\207\116\366\175\042\137\025}{}% 20
\BOOKMARK [1][-]{section.5.1}{\376\377\0005\000.\0001\000\040\145\207\116\366\122\027\210\150}{chapter.5}% 21
\BOOKMARK [0][-]{chapter.6}{\376\377\0006\000\040\124\175\124\015\172\172\225\364\145\207\150\143}{}% 22
\BOOKMARK [1][-]{section.6.1}{\376\377\0006\000.\0001\000\040\000U\000i\000\040\124\175\124\015\172\172\225\364\123\302\200\003}{chapter.6}% 23
\BOOKMARK [0][-]{chapter.7}{\376\377\0007\000\040\174\173\213\364\146\016}{}% 24
\BOOKMARK [1][-]{section.7.1}{\376\377\0007\000.\0001\000\040\000D\000i\000a\000l\000o\000g\174\173\000\040\123\302\200\003}{chapter.7}% 25
\BOOKMARK [2][-]{subsection.7.1.1}{\376\377\0007\000.\0001\000.\0001\000\040\213\346\176\306\143\317\217\360}{section.7.1}% 26
\BOOKMARK [2][-]{subsection.7.1.2}{\376\377\0007\000.\0001\000.\0002\000\040\147\204\220\040\123\312\147\220\147\204\121\375\145\160\213\364\146\016}{section.7.1}% 27
\BOOKMARK [3][-]{subsubsection.7.1.2.1}{\376\377\0007\000.\0001\000.\0002\000.\0001\000\040\000D\000i\000a\000l\000o\000g\000\050\000\051}{subsection.7.1.2}% 28
\BOOKMARK [3][-]{subsubsection.7.1.2.2}{\376\377\0007\000.\0001\000.\0002\000.\0002\000\040\000\040\000D\000i\000a\000l\000o\000g\000\050\000\051}{subsection.7.1.2}% 29
\BOOKMARK [2][-]{subsection.7.1.3}{\376\377\0007\000.\0001\000.\0003\000\040\142\020\124\130\121\375\145\160\213\364\146\016}{section.7.1}% 30
\BOOKMARK [3][-]{subsubsection.7.1.3.1}{\376\377\0007\000.\0001\000.\0003\000.\0001\000\040\000i\000n\000i\000U\000I\000\050\000\051}{subsection.7.1.3}% 31
\BOOKMARK [3][-]{subsubsection.7.1.3.2}{\376\377\0007\000.\0001\000.\0003\000.\0002\000\040\000o\000n\000B\000u\000t\000t\000o\000n\000G\000r\000o\000u\000p\000C\000l\000i\000c\000k\000e\000d}{subsection.7.1.3}% 32
\BOOKMARK [2][-]{subsection.7.1.4}{\376\377\0007\000.\0001\000.\0004\000\040\174\173\142\020\124\130\123\330\221\317\213\364\146\016}{section.7.1}% 33
\BOOKMARK [3][-]{subsubsection.7.1.4.1}{\376\377\0007\000.\0001\000.\0004\000.\0001\000\040\000p\000r\000e\000v\000B\000t\000n}{subsection.7.1.4}% 34
\BOOKMARK [3][-]{subsubsection.7.1.4.2}{\376\377\0007\000.\0001\000.\0004\000.\0002\000\040\000u\000i}{subsection.7.1.4}% 35
\BOOKMARK [3][-]{subsubsection.7.1.4.3}{\376\377\0007\000.\0001\000.\0004\000.\0003\000\040\000v\000e\000c\000t\000o\000r\000O\000f\000N\000u\000m\000b\000e\000r\000s\000A\000n\000d\000S\000i\000g\000n\000s}{subsection.7.1.4}% 36
\BOOKMARK [1][-]{section.7.2}{\376\377\0007\000.\0002\000\040\000E\000a\000s\000y\000C\000a\000l\000c\000u\000l\000a\000t\000o\000r\174\173\000\040\123\302\200\003}{chapter.7}% 37
\BOOKMARK [2][-]{subsection.7.2.1}{\376\377\0007\000.\0002\000.\0001\000\040\213\346\176\306\143\317\217\360}{section.7.2}% 38
\BOOKMARK [2][-]{subsection.7.2.2}{\376\377\0007\000.\0002\000.\0002\000\040\142\020\124\130\147\232\116\076\174\173\127\213\213\364\146\016}{section.7.2}% 39
\BOOKMARK [3][-]{subsubsection.7.2.2.1}{\376\377\0007\000.\0002\000.\0002\000.\0001\000\040\000O\000p\000e\000r\000a\000t\000i\000o\000n}{subsection.7.2.2}% 40
\BOOKMARK [2][-]{subsection.7.2.3}{\376\377\0007\000.\0002\000.\0003\000\040\147\204\220\040\123\312\147\220\147\204\121\375\145\160\213\364\146\016}{section.7.2}% 41
\BOOKMARK [3][-]{subsubsection.7.2.3.1}{\376\377\0007\000.\0002\000.\0003\000.\0001\000\040\000E\000a\000s\000y\000C\000a\000l\000c\000u\000l\000a\000t\000o\000r\000\050\000\051}{subsection.7.2.3}% 42
\BOOKMARK [3][-]{subsubsection.7.2.3.2}{\376\377\0007\000.\0002\000.\0003\000.\0002\000\040\000\040\000E\000a\000s\000y\000C\000a\000l\000c\000u\000l\000a\000t\000o\000r\000\050\000\051}{subsection.7.2.3}% 43
\BOOKMARK [2][-]{subsection.7.2.4}{\376\377\0007\000.\0002\000.\0004\000\040\142\020\124\130\121\375\145\160\213\364\146\016}{section.7.2}% 44
\BOOKMARK [3][-]{subsubsection.7.2.4.1}{\376\377\0007\000.\0002\000.\0004\000.\0001\000\040\000o\000n\000\137\000b\000t\000n\000\137\000d\000i\000v\000i\000d\000e\000\137\000c\000l\000i\000c\000k\000e\000d}{subsection.7.2.4}% 45
\BOOKMARK [3][-]{subsubsection.7.2.4.2}{\376\377\0007\000.\0002\000.\0004\000.\0002\000\040\000o\000n\000\137\000b\000t\000n\000\137\000m\000i\000n\000u\000s\000\137\000c\000l\000i\000c\000k\000e\000d}{subsection.7.2.4}% 46
\BOOKMARK [3][-]{subsubsection.7.2.4.3}{\376\377\0007\000.\0002\000.\0004\000.\0003\000\040\000o\000n\000\137\000b\000t\000n\000\137\000m\000u\000l\000t\000i\000p\000l\000y\000\137\000c\000l\000i\000c\000k\000e\000d}{subsection.7.2.4}% 47
\BOOKMARK [3][-]{subsubsection.7.2.4.4}{\376\377\0007\000.\0002\000.\0004\000.\0004\000\040\000o\000n\000\137\000b\000t\000n\000\137\000p\000l\000u\000s\000\137\000c\000l\000i\000c\000k\000e\000d}{subsection.7.2.4}% 48
\BOOKMARK [3][-]{subsubsection.7.2.4.5}{\376\377\0007\000.\0002\000.\0004\000.\0005\000\040\000o\000n\000\137\000c\000a\000l\000c\000u\000l\000a\000t\000e\000B\000u\000t\000t\000o\000n\000\137\000c\000l\000i\000c\000k\000e\000d}{subsection.7.2.4}% 49
\BOOKMARK [3][-]{subsubsection.7.2.4.6}{\376\377\0007\000.\0002\000.\0004\000.\0006\000\040\000o\000n\000\137\000c\000l\000e\000a\000r\000B\000u\000t\000t\000o\000n\000\137\000c\000l\000i\000c\000k\000e\000d}{subsection.7.2.4}% 50
\BOOKMARK [2][-]{subsection.7.2.5}{\376\377\0007\000.\0002\000.\0005\000\040\174\173\142\020\124\130\123\330\221\317\213\364\146\016}{section.7.2}% 51
\BOOKMARK [3][-]{subsubsection.7.2.5.1}{\376\377\0007\000.\0002\000.\0005\000.\0001\000\040\000o\000p}{subsection.7.2.5}% 52
\BOOKMARK [3][-]{subsubsection.7.2.5.2}{\376\377\0007\000.\0002\000.\0005\000.\0002\000\040\000u\000i}{subsection.7.2.5}% 53
\BOOKMARK [0][-]{chapter.8}{\376\377\0008\000\040\145\207\116\366\213\364\146\016}{}% 54
\BOOKMARK [1][-]{section.8.1}{\376\377\0008\000.\0001\000\040\000C\000a\000l\000c\000u\000l\000a\000t\000o\000r\000/\000d\000i\000a\000l\000o\000g\000.\000c\000p\000p\000\040\145\207\116\366\123\302\200\003}{chapter.8}% 55
\BOOKMARK [1][-]{section.8.2}{\376\377\0008\000.\0002\000\040\000d\000i\000a\000l\000o\000g\000.\000c\000p\000p}{chapter.8}% 56
\BOOKMARK [1][-]{section.8.3}{\376\377\0008\000.\0003\000\040\000C\000a\000l\000c\000u\000l\000a\000t\000o\000r\000/\000d\000i\000a\000l\000o\000g\000.\000h\000\040\145\207\116\366\123\302\200\003}{chapter.8}% 57
\BOOKMARK [1][-]{section.8.4}{\376\377\0008\000.\0004\000\040\000d\000i\000a\000l\000o\000g\000.\000h}{chapter.8}% 58
\BOOKMARK [1][-]{section.8.5}{\376\377\0008\000.\0005\000\040\000C\000a\000l\000c\000u\000l\000a\000t\000o\000r\000/\000m\000a\000i\000n\000.\000c\000p\000p\000\040\145\207\116\366\123\302\200\003}{chapter.8}% 59
\BOOKMARK [2][-]{subsection.8.5.1}{\376\377\0008\000.\0005\000.\0001\000\040\121\375\145\160\213\364\146\016}{section.8.5}% 60
\BOOKMARK [3][-]{subsubsection.8.5.1.1}{\376\377\0008\000.\0005\000.\0001\000.\0001\000\040\000m\000a\000i\000n\000\050\000\051}{subsection.8.5.1}% 61
\BOOKMARK [1][-]{section.8.6}{\376\377\0008\000.\0006\000\040\000m\000a\000i\000n\000.\000c\000p\000p}{chapter.8}% 62
\BOOKMARK [1][-]{section.8.7}{\376\377\0008\000.\0007\000\040\000E\000a\000s\000y\000C\000a\000l\000c\000u\000l\000a\000t\000o\000r\000/\000m\000a\000i\000n\000.\000c\000p\000p\000\040\145\207\116\366\123\302\200\003}{chapter.8}% 63
\BOOKMARK [2][-]{subsection.8.7.1}{\376\377\0008\000.\0007\000.\0001\000\040\121\375\145\160\213\364\146\016}{section.8.7}% 64
\BOOKMARK [3][-]{subsubsection.8.7.1.1}{\376\377\0008\000.\0007\000.\0001\000.\0001\000\040\000m\000a\000i\000n\000\050\000\051}{subsection.8.7.1}% 65
\BOOKMARK [1][-]{section.8.8}{\376\377\0008\000.\0008\000\040\000m\000a\000i\000n\000.\000c\000p\000p}{chapter.8}% 66
\BOOKMARK [1][-]{section.8.9}{\376\377\0008\000.\0009\000\040\000E\000a\000s\000y\000C\000a\000l\000c\000u\000l\000a\000t\000o\000r\000/\000E\000a\000s\000y\000C\000a\000l\000c\000u\000l\000a\000t\000o\000r\000.\000c\000p\000p\000\040\145\207\116\366\123\302\200\003}{chapter.8}% 67
\BOOKMARK [1][-]{section.8.10}{\376\377\0008\000.\0001\0000\000\040\000E\000a\000s\000y\000C\000a\000l\000c\000u\000l\000a\000t\000o\000r\000.\000c\000p\000p}{chapter.8}% 68
\BOOKMARK [1][-]{section.8.11}{\376\377\0008\000.\0001\0001\000\040\000E\000a\000s\000y\000C\000a\000l\000c\000u\000l\000a\000t\000o\000r\000/\000E\000a\000s\000y\000C\000a\000l\000c\000u\000l\000a\000t\000o\000r\000.\000h\000\040\145\207\116\366\123\302\200\003}{chapter.8}% 69
\BOOKMARK [1][-]{section.8.12}{\376\377\0008\000.\0001\0002\000\040\000E\000a\000s\000y\000C\000a\000l\000c\000u\000l\000a\000t\000o\000r\000.\000h}{chapter.8}% 70
\BOOKMARK [1][-]{section.8.13}{\376\377\0008\000.\0001\0003\000\040\000R\000E\000A\000D\000M\000E\000.\000m\000d\000\040\145\207\116\366\123\302\200\003}{chapter.8}% 71
\BOOKMARK [0][-]{section*.14}{\376\377\000I\000n\000d\000e\000x}{}% 72
