\BOOKMARK [0][-]{chapter.1}{\376\377\0001\000\040\000R\000E\000A\000D\000M\000E}{}% 1
\BOOKMARK [1][-]{section.1.1}{\376\377\0001\000.\0001\000\040\133\236\232\214\116\011\000\040\220\032\117\341\137\125\172\013\136\217\213\276\213\241}{chapter.1}% 2
\BOOKMARK [2][-]{subsection.1.1.1}{\376\377\0001\000.\0001\000.\0001\000\040\116\000\060\001\133\236\232\214\166\356\166\204}{section.1.1}% 3
\BOOKMARK [2][-]{subsection.1.1.2}{\376\377\0001\000.\0001\000.\0002\000\040\116\214\060\001\133\236\232\214\121\205\133\271}{section.1.1}% 4
\BOOKMARK [2][-]{subsection.1.1.3}{\376\377\0001\000.\0001\000.\0003\000\040\116\011\377\010\116\000\377\011\060\001\133\236\232\214\174\373\176\337\213\276\213\241}{section.1.1}% 5
\BOOKMARK [3][-]{subsubsection.1.1.3.1}{\376\377\0001\000.\0001\000.\0003\000.\0001\000\040\0001\060\001\220\032\117\341\137\125\172\013\136\217\166\204\150\106\147\266\176\323\147\204}{subsection.1.1.3}% 6
\BOOKMARK [3][-]{subsubsection.1.1.3.2}{\376\377\0001\000.\0001\000.\0003\000.\0002\000\040\0002\060\001\165\114\227\142\213\276\213\241}{subsection.1.1.3}% 7
\BOOKMARK [2][-]{subsection.1.1.4}{\376\377\0001\000.\0001\000.\0004\000\040\116\011\377\010\116\214\377\011\060\001\116\073\211\201\172\013\136\217\213\364\146\016}{section.1.1}% 8
\BOOKMARK [3][-]{subsubsection.1.1.4.1}{\376\377\0001\000.\0001\000.\0004\000.\0001\000\040\0001\060\001\176\331\121\372\121\163\225\056\131\004\164\006\116\343\170\001\377\014\136\166\122\240\116\345\154\350\221\312\213\364\146\016\377\014\137\305\230\173\123\005\124\053\165\114\227\142\116\012\145\260\136\372\060\001\146\364\145\260\060\001\122\040\226\144\133\371\136\224\166\204\122\237\200\375\131\004\164\006\116\343\170\001}{subsection.1.1.4}% 9
\BOOKMARK [3][-]{subsubsection.1.1.4.2}{\376\377\0001\000.\0001\000.\0004\000.\0002\000\040\0002\060\001\202\345\133\236\163\260\116\206\220\032\117\341\137\125\143\222\136\217\122\237\200\375\377\014\213\367\176\331\121\372\166\370\136\224\131\004\164\006\116\343\170\001\377\014\116\024\127\050\172\013\136\217\155\113\213\325\220\350\122\006\377\014\176\331\121\372\155\113\213\325\176\323\147\234}{subsection.1.1.4}% 10
\BOOKMARK [2][-]{subsection.1.1.5}{\376\377\0001\000.\0001\000.\0005\000\040\126\333\060\001\000\040\172\013\136\217\155\113\213\325}{section.1.1}% 11
\BOOKMARK [3][-]{subsubsection.1.1.5.1}{\376\377\0001\000.\0001\000.\0005\000.\0001\000\040\155\113\213\325\176\323\147\234}{subsection.1.1.5}% 12
\BOOKMARK [2][-]{subsection.1.1.6}{\376\377\0001\000.\0001\000.\0006\000\040\116\224\060\001\213\250\213\272\123\312\137\303\137\227}{section.1.1}% 13
\BOOKMARK [3][-]{subsubsection.1.1.6.1}{\376\377\0001\000.\0001\000.\0006\000.\0001\000\040\0001\060\001\133\236\232\214\217\307\172\013\116\055\220\107\122\060\166\204\225\356\230\230\116\016\211\343\121\263\145\271\154\325}{subsection.1.1.6}% 14
\BOOKMARK [2][-]{subsection.1.1.7}{\376\377\0001\000.\0001\000.\0007\000\040\121\155\060\001\000R\000e\000f\000e\000r\000e\000n\000c\000e}{section.1.1}% 15
\BOOKMARK [0][-]{chapter.2}{\376\377\0002\000\040\155\113\213\325\122\027\210\150}{}% 16
\BOOKMARK [0][-]{chapter.3}{\376\377\0003\000\040\137\205\122\236\116\213\230\171\122\027\210\150}{}% 17
\BOOKMARK [0][-]{chapter.4}{\376\377\0004\000\040\124\175\124\015\172\172\225\364\175\042\137\025}{}% 18
\BOOKMARK [1][-]{section.4.1}{\376\377\0004\000.\0001\000\040\124\175\124\015\172\172\225\364\122\027\210\150}{chapter.4}% 19
\BOOKMARK [0][-]{chapter.5}{\376\377\0005\000\040\176\347\142\177\121\163\174\373\175\042\137\025}{}% 20
\BOOKMARK [1][-]{section.5.1}{\376\377\0005\000.\0001\000\040\174\173\176\347\142\177\121\163\174\373}{chapter.5}% 21
\BOOKMARK [0][-]{chapter.6}{\376\377\0006\000\040\174\173\175\042\137\025}{}% 22
\BOOKMARK [1][-]{section.6.1}{\376\377\0006\000.\0001\000\040\174\173\122\027\210\150}{chapter.6}% 23
\BOOKMARK [0][-]{chapter.7}{\376\377\0007\000\040\145\207\116\366\175\042\137\025}{}% 24
\BOOKMARK [1][-]{section.7.1}{\376\377\0007\000.\0001\000\040\145\207\116\366\122\027\210\150}{chapter.7}% 25
\BOOKMARK [0][-]{chapter.8}{\376\377\0008\000\040\124\175\124\015\172\172\225\364\145\207\150\143}{}% 26
\BOOKMARK [1][-]{section.8.1}{\376\377\0008\000.\0001\000\040\000U\000i\000\040\124\175\124\015\172\172\225\364\123\302\200\003}{chapter.8}% 27
\BOOKMARK [0][-]{chapter.9}{\376\377\0009\000\040\174\173\213\364\146\016}{}% 28
\BOOKMARK [1][-]{section.9.1}{\376\377\0009\000.\0001\000\040\000A\000d\000d\000r\000e\000s\000s\000B\000o\000o\000k\174\173\000\040\123\302\200\003}{chapter.9}% 29
\BOOKMARK [2][-]{subsection.9.1.1}{\376\377\0009\000.\0001\000.\0001\000\040\213\346\176\306\143\317\217\360}{section.9.1}% 30
\BOOKMARK [2][-]{subsection.9.1.2}{\376\377\0009\000.\0001\000.\0002\000\040\147\204\220\040\123\312\147\220\147\204\121\375\145\160\213\364\146\016}{section.9.1}% 31
\BOOKMARK [3][-]{subsubsection.9.1.2.1}{\376\377\0009\000.\0001\000.\0002\000.\0001\000\040\000A\000d\000d\000r\000e\000s\000s\000B\000o\000o\000k\000\050\000\051}{subsection.9.1.2}% 32
\BOOKMARK [3][-]{subsubsection.9.1.2.2}{\376\377\0009\000.\0001\000.\0002\000.\0002\000\040\000\040\000A\000d\000d\000r\000e\000s\000s\000B\000o\000o\000k\000\050\000\051}{subsection.9.1.2}% 33
\BOOKMARK [2][-]{subsection.9.1.3}{\376\377\0009\000.\0001\000.\0003\000\040\142\020\124\130\121\375\145\160\213\364\146\016}{section.9.1}% 34
\BOOKMARK [3][-]{subsubsection.9.1.3.1}{\376\377\0009\000.\0001\000.\0003\000.\0001\000\040\000A\000d\000d\000\050\000\051}{subsection.9.1.3}% 35
\BOOKMARK [3][-]{subsubsection.9.1.3.2}{\376\377\0009\000.\0001\000.\0003\000.\0002\000\040\000A\000d\000d\000C\000o\000n\000t\000a\000c\000t\000\050\000\051}{subsection.9.1.3}% 36
\BOOKMARK [3][-]{subsubsection.9.1.3.3}{\376\377\0009\000.\0001\000.\0003\000.\0003\000\040\000D\000e\000l\000e\000t\000e\000\050\000\051}{subsection.9.1.3}% 37
\BOOKMARK [3][-]{subsubsection.9.1.3.4}{\376\377\0009\000.\0001\000.\0003\000.\0004\000\040\000F\000i\000n\000d\000\050\000\051}{subsection.9.1.3}% 38
\BOOKMARK [3][-]{subsubsection.9.1.3.5}{\376\377\0009\000.\0001\000.\0003\000.\0005\000\040\000g\000e\000t\000I\000d\000\050\000\051}{subsection.9.1.3}% 39
\BOOKMARK [3][-]{subsubsection.9.1.3.6}{\376\377\0009\000.\0001\000.\0003\000.\0006\000\040\000i\000n\000d\000e\000x\000S\000a\000f\000e\000\050\000\051}{subsection.9.1.3}% 40
\BOOKMARK [3][-]{subsubsection.9.1.3.7}{\376\377\0009\000.\0001\000.\0003\000.\0007\000\040\000L\000i\000s\000t\000\050\000\051}{subsection.9.1.3}% 41
\BOOKMARK [3][-]{subsubsection.9.1.3.8}{\376\377\0009\000.\0001\000.\0003\000.\0008\000\040\000L\000i\000s\000t\000G\000r\000o\000u\000p\000\050\000\051}{subsection.9.1.3}% 42
\BOOKMARK [3][-]{subsubsection.9.1.3.9}{\376\377\0009\000.\0001\000.\0003\000.\0009\000\040\000o\000p\000e\000r\000a\000t\000o\000r\000[\000]\000\050\000\051}{subsection.9.1.3}% 43
\BOOKMARK [3][-]{subsubsection.9.1.3.10}{\376\377\0009\000.\0001\000.\0003\000.\0001\0000\000\040\000s\000e\000t\000I\000d\000\050\000\051}{subsection.9.1.3}% 44
\BOOKMARK [3][-]{subsubsection.9.1.3.11}{\376\377\0009\000.\0001\000.\0003\000.\0001\0001\000\040\000S\000o\000r\000t\000\050\000\051}{subsection.9.1.3}% 45
\BOOKMARK [3][-]{subsubsection.9.1.3.12}{\376\377\0009\000.\0001\000.\0003\000.\0001\0002\000\040\000S\000o\000r\000t\000G\000r\000o\000u\000p\000\050\000\051}{subsection.9.1.3}% 46
\BOOKMARK [2][-]{subsection.9.1.4}{\376\377\0009\000.\0001\000.\0004\000\040\174\173\142\020\124\130\123\330\221\317\213\364\146\016}{section.9.1}% 47
\BOOKMARK [3][-]{subsubsection.9.1.4.1}{\376\377\0009\000.\0001\000.\0004\000.\0001\000\040\000B\000o\000o\000k}{subsection.9.1.4}% 48
\BOOKMARK [3][-]{subsubsection.9.1.4.2}{\376\377\0009\000.\0001\000.\0004\000.\0002\000\040\000i\000d}{subsection.9.1.4}% 49
\BOOKMARK [1][-]{section.9.2}{\376\377\0009\000.\0002\000\040\000C\000a\000t\000e\000g\000o\000r\000y\176\323\147\204\117\123\000\040\123\302\200\003}{chapter.9}% 50
\BOOKMARK [2][-]{subsection.9.2.1}{\376\377\0009\000.\0002\000.\0001\000\040\213\346\176\306\143\317\217\360}{section.9.2}% 51
\BOOKMARK [2][-]{subsection.9.2.2}{\376\377\0009\000.\0002\000.\0002\000\040\174\173\142\020\124\130\123\330\221\317\213\364\146\016}{section.9.2}% 52
\BOOKMARK [3][-]{subsubsection.9.2.2.1}{\376\377\0009\000.\0002\000.\0002\000.\0001\000\040\000c\000o\000l\000l\000e\000a\000g\000u\000e}{subsection.9.2.2}% 53
\BOOKMARK [3][-]{subsubsection.9.2.2.2}{\376\377\0009\000.\0002\000.\0002\000.\0002\000\040\000f\000a\000m\000i\000l\000y}{subsection.9.2.2}% 54
\BOOKMARK [3][-]{subsubsection.9.2.2.3}{\376\377\0009\000.\0002\000.\0002\000.\0003\000\040\000f\000r\000i\000e\000n\000d\000s}{subsection.9.2.2}% 55
\BOOKMARK [3][-]{subsubsection.9.2.2.4}{\376\377\0009\000.\0002\000.\0002\000.\0004\000\040\000g\000r\000o\000u\000p}{subsection.9.2.2}% 56
\BOOKMARK [3][-]{subsubsection.9.2.2.5}{\376\377\0009\000.\0002\000.\0002\000.\0005\000\040\000n\000a\000m\000e}{subsection.9.2.2}% 57
\BOOKMARK [3][-]{subsubsection.9.2.2.6}{\376\377\0009\000.\0002\000.\0002\000.\0006\000\040\000p\000h\000o\000n\000e\000N\000u\000m\000b\000e\000r}{subsection.9.2.2}% 58
\BOOKMARK [3][-]{subsubsection.9.2.2.7}{\376\377\0009\000.\0002\000.\0002\000.\0007\000\040\000r\000e\000l\000a\000t\000i\000v\000e}{subsection.9.2.2}% 59
\BOOKMARK [3][-]{subsubsection.9.2.2.8}{\376\377\0009\000.\0002\000.\0002\000.\0008\000\040\000s\000t\000u\000d\000e\000n\000t}{subsection.9.2.2}% 60
\BOOKMARK [1][-]{section.9.3}{\376\377\0009\000.\0003\000\040\000C\000C\000o\000n\000t\000a\000c\000t\174\173\000\040\123\302\200\003}{chapter.9}% 61
\BOOKMARK [2][-]{subsection.9.3.1}{\376\377\0009\000.\0003\000.\0001\000\040\213\346\176\306\143\317\217\360}{section.9.3}% 62
\BOOKMARK [2][-]{subsection.9.3.2}{\376\377\0009\000.\0003\000.\0002\000\040\147\204\220\040\123\312\147\220\147\204\121\375\145\160\213\364\146\016}{section.9.3}% 63
\BOOKMARK [3][-]{subsubsection.9.3.2.1}{\376\377\0009\000.\0003\000.\0002\000.\0001\000\040\000C\000C\000o\000n\000t\000a\000c\000t\000\050\000\051\000\040\000[\0001\000/\0003\000]}{subsection.9.3.2}% 64
\BOOKMARK [3][-]{subsubsection.9.3.2.2}{\376\377\0009\000.\0003\000.\0002\000.\0002\000\040\000C\000C\000o\000n\000t\000a\000c\000t\000\050\000\051\000\040\000[\0002\000/\0003\000]}{subsection.9.3.2}% 65
\BOOKMARK [3][-]{subsubsection.9.3.2.3}{\376\377\0009\000.\0003\000.\0002\000.\0003\000\040\000C\000C\000o\000n\000t\000a\000c\000t\000\050\000\051\000\040\000[\0003\000/\0003\000]}{subsection.9.3.2}% 66
\BOOKMARK [3][-]{subsubsection.9.3.2.4}{\376\377\0009\000.\0003\000.\0002\000.\0004\000\040\000\040\000C\000C\000o\000n\000t\000a\000c\000t\000\050\000\051}{subsection.9.3.2}% 67
\BOOKMARK [2][-]{subsection.9.3.3}{\376\377\0009\000.\0003\000.\0003\000\040\142\020\124\130\121\375\145\160\213\364\146\016}{section.9.3}% 68
\BOOKMARK [3][-]{subsubsection.9.3.3.1}{\376\377\0009\000.\0003\000.\0003\000.\0001\000\040\000g\000e\000t\000C\000o\000n\000t\000a\000c\000t\000\050\000\051}{subsection.9.3.3}% 69
\BOOKMARK [3][-]{subsubsection.9.3.3.2}{\376\377\0009\000.\0003\000.\0003\000.\0002\000\040\000o\000p\000e\000r\000a\000t\000o\000r\000<\000\050\000\051}{subsection.9.3.3}% 70
\BOOKMARK [3][-]{subsubsection.9.3.3.3}{\376\377\0009\000.\0003\000.\0003\000.\0003\000\040\000o\000p\000e\000r\000a\000t\000o\000r\000=\000\050\000\051}{subsection.9.3.3}% 71
\BOOKMARK [3][-]{subsubsection.9.3.3.4}{\376\377\0009\000.\0003\000.\0003\000.\0004\000\040\000P\000a\000t\000t\000e\000r\000n\000M\000a\000t\000c\000h\000\050\000\051}{subsection.9.3.3}% 72
\BOOKMARK [3][-]{subsubsection.9.3.3.5}{\376\377\0009\000.\0003\000.\0003\000.\0005\000\040\000p\000r\000S\000o\000r\000t\000B\000y\000G\000r\000o\000u\000p\000\050\000\051}{subsection.9.3.3}% 73
\BOOKMARK [3][-]{subsubsection.9.3.3.6}{\376\377\0009\000.\0003\000.\0003\000.\0006\000\040\000s\000e\000t\000C\000o\000n\000t\000a\000c\000t\000\050\000\051}{subsection.9.3.3}% 74
\BOOKMARK [2][-]{subsection.9.3.4}{\376\377\0009\000.\0003\000.\0004\000\040\123\313\121\103\123\312\166\370\121\163\121\375\145\160\145\207\150\143}{section.9.3}% 75
\BOOKMARK [3][-]{subsubsection.9.3.4.1}{\376\377\0009\000.\0003\000.\0004\000.\0001\000\040\000o\000p\000e\000r\000a\000t\000o\000r\000<\000<}{subsection.9.3.4}% 76
\BOOKMARK [3][-]{subsubsection.9.3.4.2}{\376\377\0009\000.\0003\000.\0004\000.\0002\000\040\000o\000p\000e\000r\000a\000t\000o\000r\000>\000>}{subsection.9.3.4}% 77
\BOOKMARK [3][-]{subsubsection.9.3.4.3}{\376\377\0009\000.\0003\000.\0004\000.\0003\000\040\000p\000r}{subsection.9.3.4}% 78
\BOOKMARK [2][-]{subsection.9.3.5}{\376\377\0009\000.\0003\000.\0005\000\040\174\173\142\020\124\130\123\330\221\317\213\364\146\016}{section.9.3}% 79
\BOOKMARK [3][-]{subsubsection.9.3.5.1}{\376\377\0009\000.\0003\000.\0005\000.\0001\000\040\000G\000r\000o\000u\000p}{subsection.9.3.5}% 80
\BOOKMARK [3][-]{subsubsection.9.3.5.2}{\376\377\0009\000.\0003\000.\0005\000.\0002\000\040\000i\000d}{subsection.9.3.5}% 81
\BOOKMARK [3][-]{subsubsection.9.3.5.3}{\376\377\0009\000.\0003\000.\0005\000.\0003\000\040\000N\000a\000m\000e}{subsection.9.3.5}% 82
\BOOKMARK [3][-]{subsubsection.9.3.5.4}{\376\377\0009\000.\0003\000.\0005\000.\0004\000\040\000N\000u\000m\000b\000e\000r}{subsection.9.3.5}% 83
\BOOKMARK [1][-]{section.9.4}{\376\377\0009\000.\0004\000\040\000W\000i\000d\000g\000e\000t\174\173\000\040\123\302\200\003}{chapter.9}% 84
\BOOKMARK [2][-]{subsection.9.4.1}{\376\377\0009\000.\0004\000.\0001\000\040\213\346\176\306\143\317\217\360}{section.9.4}% 85
\BOOKMARK [2][-]{subsection.9.4.2}{\376\377\0009\000.\0004\000.\0002\000\040\147\204\220\040\123\312\147\220\147\204\121\375\145\160\213\364\146\016}{section.9.4}% 86
\BOOKMARK [3][-]{subsubsection.9.4.2.1}{\376\377\0009\000.\0004\000.\0002\000.\0001\000\040\000W\000i\000d\000g\000e\000t\000\050\000\051}{subsection.9.4.2}% 87
\BOOKMARK [3][-]{subsubsection.9.4.2.2}{\376\377\0009\000.\0004\000.\0002\000.\0002\000\040\000\040\000W\000i\000d\000g\000e\000t\000\050\000\051}{subsection.9.4.2}% 88
\BOOKMARK [2][-]{subsection.9.4.3}{\376\377\0009\000.\0004\000.\0003\000\040\142\020\124\130\121\375\145\160\213\364\146\016}{section.9.4}% 89
\BOOKMARK [3][-]{subsubsection.9.4.3.1}{\376\377\0009\000.\0004\000.\0003\000.\0001\000\040\000a\000d\000d\000T\000e\000m\000p\000l\000a\000t\000e\000D\000a\000t\000a\000\050\000\051}{subsection.9.4.3}% 90
\BOOKMARK [3][-]{subsubsection.9.4.3.2}{\376\377\0009\000.\0004\000.\0003\000.\0002\000\040\000a\000l\000t\000e\000r\000A\000L\000i\000n\000e}{subsection.9.4.3}% 91
\BOOKMARK [3][-]{subsubsection.9.4.3.3}{\376\377\0009\000.\0004\000.\0003\000.\0003\000\040\000B\000i\000n\000d\000\050\000\051}{subsection.9.4.3}% 92
\BOOKMARK [3][-]{subsubsection.9.4.3.4}{\376\377\0009\000.\0004\000.\0003\000.\0004\000\040\000c\000l\000e\000a\000r\000L\000i\000n\000e\000E\000d\000i\000t\000\050\000\051}{subsection.9.4.3}% 93
\BOOKMARK [3][-]{subsubsection.9.4.3.5}{\376\377\0009\000.\0004\000.\0003\000.\0005\000\040\000c\000l\000i\000c\000k\000e\000d\000T\000a\000b\000l\000e\000V\000i\000e\000w}{subsection.9.4.3}% 94
\BOOKMARK [3][-]{subsubsection.9.4.3.6}{\376\377\0009\000.\0004\000.\0003\000.\0006\000\040\000c\000u\000s\000t\000o\000m\000i\000z\000e\000d\000T\000a\000b\000l\000e\000S\000t\000y\000l\000e\000\050\000\051}{subsection.9.4.3}% 95
\BOOKMARK [3][-]{subsubsection.9.4.3.7}{\376\377\0009\000.\0004\000.\0003\000.\0007\000\040\000d\000e\000l\000e\000t\000e\000A\000R\000o\000w}{subsection.9.4.3}% 96
\BOOKMARK [3][-]{subsubsection.9.4.3.8}{\376\377\0009\000.\0004\000.\0003\000.\0008\000\040\000E\000x\000i\000t\000W\000i\000d\000g\000e\000t}{subsection.9.4.3}% 97
\BOOKMARK [3][-]{subsubsection.9.4.3.9}{\376\377\0009\000.\0004\000.\0003\000.\0009\000\040\000f\000i\000l\000l\000C\000o\000m\000b\000o\000B\000o\000x\000A\000n\000d\000T\000a\000b\000l\000e\000W\000i\000d\000g\000e\000t\000\050\000\051}{subsection.9.4.3}% 98
\BOOKMARK [3][-]{subsubsection.9.4.3.10}{\376\377\0009\000.\0004\000.\0003\000.\0001\0000\000\040\000i\000n\000i\000t\000M\000o\000d\000e\000l\000F\000r\000o\000m\000S\000t\000r\000i\000n\000g\000L\000i\000s\000t\000\050\000\051}{subsection.9.4.3}% 99
\BOOKMARK [3][-]{subsubsection.9.4.3.11}{\376\377\0009\000.\0004\000.\0003\000.\0001\0001\000\040\000k\000e\000y\000P\000r\000e\000s\000s\000E\000v\000e\000n\000t\000\050\000\051}{subsection.9.4.3}% 100
\BOOKMARK [3][-]{subsubsection.9.4.3.12}{\376\377\0009\000.\0004\000.\0003\000.\0001\0002\000\040\000L\000o\000a\000d\000F\000i\000l\000e}{subsection.9.4.3}% 101
\BOOKMARK [3][-]{subsubsection.9.4.3.13}{\376\377\0009\000.\0004\000.\0003\000.\0001\0003\000\040\000n\000e\000w\000B\000u\000t\000t\000o\000n\000S\000l\000o\000t}{subsection.9.4.3}% 102
\BOOKMARK [3][-]{subsubsection.9.4.3.14}{\376\377\0009\000.\0004\000.\0003\000.\0001\0004\000\040\000s\000a\000v\000e\000B\000u\000t\000t\000o\000n\000S\000l\000o\000t}{subsection.9.4.3}% 103
\BOOKMARK [2][-]{subsection.9.4.4}{\376\377\0009\000.\0004\000.\0004\000\040\174\173\142\020\124\130\123\330\221\317\213\364\146\016}{section.9.4}% 104
\BOOKMARK [3][-]{subsubsection.9.4.4.1}{\376\377\0009\000.\0004\000.\0004\000.\0001\000\040\000a\000d\000d\000r\000e\000s\000s\000B\000o\000o\000k}{subsection.9.4.4}% 105
\BOOKMARK [3][-]{subsubsection.9.4.4.2}{\376\377\0009\000.\0004\000.\0004\000.\0002\000\040\000c\000a\000t\000e\000g\000o\000r\000i\000e\000s}{subsection.9.4.4}% 106
\BOOKMARK [3][-]{subsubsection.9.4.4.3}{\376\377\0009\000.\0004\000.\0004\000.\0003\000\040\000m\000o\000d\000e\000l}{subsection.9.4.4}% 107
\BOOKMARK [3][-]{subsubsection.9.4.4.4}{\376\377\0009\000.\0004\000.\0004\000.\0004\000\040\000u\000i}{subsection.9.4.4}% 108
\BOOKMARK [0][-]{chapter.10}{\376\377\0001\0000\000\040\145\207\116\366\213\364\146\016}{}% 109
\BOOKMARK [1][-]{section.10.1}{\376\377\0001\0000\000.\0001\000\040\000A\000d\000d\000r\000e\000s\000s\000B\000o\000o\000k\000.\000c\000p\000p\000\040\145\207\116\366\123\302\200\003}{chapter.10}% 110
\BOOKMARK [1][-]{section.10.2}{\376\377\0001\0000\000.\0002\000\040\000A\000d\000d\000r\000e\000s\000s\000B\000o\000o\000k\000.\000c\000p\000p}{chapter.10}% 111
\BOOKMARK [1][-]{section.10.3}{\376\377\0001\0000\000.\0003\000\040\000A\000d\000d\000r\000e\000s\000s\000B\000o\000o\000k\000.\000h\000\040\145\207\116\366\123\302\200\003}{chapter.10}% 112
\BOOKMARK [1][-]{section.10.4}{\376\377\0001\0000\000.\0004\000\040\000A\000d\000d\000r\000e\000s\000s\000B\000o\000o\000k\000.\000h}{chapter.10}% 113
\BOOKMARK [1][-]{section.10.5}{\376\377\0001\0000\000.\0005\000\040\000C\000a\000t\000e\000g\000o\000r\000y\000O\000f\000A\000d\000d\000r\000e\000s\000s\000B\000o\000o\000k\000.\000c\000p\000p\000\040\145\207\116\366\123\302\200\003}{chapter.10}% 114
\BOOKMARK [1][-]{section.10.6}{\376\377\0001\0000\000.\0006\000\040\000C\000a\000t\000e\000g\000o\000r\000y\000O\000f\000A\000d\000d\000r\000e\000s\000s\000B\000o\000o\000k\000.\000c\000p\000p}{chapter.10}% 115
\BOOKMARK [1][-]{section.10.7}{\376\377\0001\0000\000.\0007\000\040\000C\000C\000o\000n\000t\000a\000c\000t\000.\000c\000p\000p\000\040\145\207\116\366\123\302\200\003}{chapter.10}% 116
\BOOKMARK [2][-]{subsection.10.7.1}{\376\377\0001\0000\000.\0007\000.\0001\000\040\121\375\145\160\213\364\146\016}{section.10.7}% 117
\BOOKMARK [3][-]{subsubsection.10.7.1.1}{\376\377\0001\0000\000.\0007\000.\0001\000.\0001\000\040\000m\000a\000t\000c\000h\000\050\000\051}{subsection.10.7.1}% 118
\BOOKMARK [3][-]{subsubsection.10.7.1.2}{\376\377\0001\0000\000.\0007\000.\0001\000.\0002\000\040\000o\000p\000e\000r\000a\000t\000o\000r\000<\000<\000\050\000\051}{subsection.10.7.1}% 119
\BOOKMARK [3][-]{subsubsection.10.7.1.3}{\376\377\0001\0000\000.\0007\000.\0001\000.\0003\000\040\000o\000p\000e\000r\000a\000t\000o\000r\000>\000>\000\050\000\051}{subsection.10.7.1}% 120
\BOOKMARK [3][-]{subsubsection.10.7.1.4}{\376\377\0001\0000\000.\0007\000.\0001\000.\0004\000\040\000p\000r\000\050\000\051}{subsection.10.7.1}% 121
\BOOKMARK [1][-]{section.10.8}{\376\377\0001\0000\000.\0008\000\040\000C\000C\000o\000n\000t\000a\000c\000t\000.\000c\000p\000p}{chapter.10}% 122
\BOOKMARK [1][-]{section.10.9}{\376\377\0001\0000\000.\0009\000\040\000C\000C\000o\000n\000t\000a\000c\000t\000.\000h\000\040\145\207\116\366\123\302\200\003}{chapter.10}% 123
\BOOKMARK [2][-]{subsection.10.9.1}{\376\377\0001\0000\000.\0009\000.\0001\000\040\121\375\145\160\213\364\146\016}{section.10.9}% 124
\BOOKMARK [3][-]{subsubsection.10.9.1.1}{\376\377\0001\0000\000.\0009\000.\0001\000.\0001\000\040\000m\000a\000t\000c\000h\000\050\000\051}{subsection.10.9.1}% 125
\BOOKMARK [1][-]{section.10.10}{\376\377\0001\0000\000.\0001\0000\000\040\000C\000C\000o\000n\000t\000a\000c\000t\000.\000h}{chapter.10}% 126
\BOOKMARK [1][-]{section.10.11}{\376\377\0001\0000\000.\0001\0001\000\040\000m\000a\000i\000n\000.\000c\000p\000p\000\040\145\207\116\366\123\302\200\003}{chapter.10}% 127
\BOOKMARK [2][-]{subsection.10.11.1}{\376\377\0001\0000\000.\0001\0001\000.\0001\000\040\121\375\145\160\213\364\146\016}{section.10.11}% 128
\BOOKMARK [3][-]{subsubsection.10.11.1.1}{\376\377\0001\0000\000.\0001\0001\000.\0001\000.\0001\000\040\000m\000a\000i\000n\000\050\000\051}{subsection.10.11.1}% 129
\BOOKMARK [1][-]{section.10.12}{\376\377\0001\0000\000.\0001\0002\000\040\000m\000a\000i\000n\000.\000c\000p\000p}{chapter.10}% 130
\BOOKMARK [1][-]{section.10.13}{\376\377\0001\0000\000.\0001\0003\000\040\000R\000E\000A\000D\000M\000E\000.\000m\000d\000\040\145\207\116\366\123\302\200\003}{chapter.10}% 131
\BOOKMARK [1][-]{section.10.14}{\376\377\0001\0000\000.\0001\0004\000\040\000w\000i\000d\000g\000e\000t\000.\000c\000p\000p\000\040\145\207\116\366\123\302\200\003}{chapter.10}% 132
\BOOKMARK [1][-]{section.10.15}{\376\377\0001\0000\000.\0001\0005\000\040\000w\000i\000d\000g\000e\000t\000.\000c\000p\000p}{chapter.10}% 133
\BOOKMARK [1][-]{section.10.16}{\376\377\0001\0000\000.\0001\0006\000\040\000w\000i\000d\000g\000e\000t\000.\000h\000\040\145\207\116\366\123\302\200\003}{chapter.10}% 134
\BOOKMARK [1][-]{section.10.17}{\376\377\0001\0000\000.\0001\0007\000\040\000w\000i\000d\000g\000e\000t\000.\000h}{chapter.10}% 135
\BOOKMARK [0][-]{section*.20}{\376\377\000I\000n\000d\000e\000x}{}% 136
