This is pdfTeX, Version 3.141592653-2.6-1.40.24 (MiKTeX 22.1) (preloaded format=pdflatex 2022.12.1)  17 DEC 2022 03:23
entering extended mode
 restricted \write18 enabled.
 %&-line parsing enabled.
**./refman.tex
(refman.tex
LaTeX2e <2022-11-01>
L3 programming layer <2022-11-02>
(/Library/Application Support/MiKTeX/texmfs/install/tex/latex/base/book.cls
Document Class: book 2022/07/02 v1.4n Standard LaTeX document class
(/Library/Application Support/MiKTeX/texmfs/install/tex/latex/base/bk10.clo
File: bk10.clo 2022/07/02 v1.4n Standard LaTeX file (size option)
)
\c@part=\count185
\c@chapter=\count186
\c@section=\count187
\c@subsection=\count188
\c@subsubsection=\count189
\c@paragraph=\count190
\c@subparagraph=\count191
\c@figure=\count192
\c@table=\count193
\abovecaptionskip=\skip47
\belowcaptionskip=\skip48
\bibindent=\dimen140
)
(/Library/Application Support/MiKTeX/texmfs/install/tex/latex/base/ifthen.sty
Package: ifthen 2022/04/13 v1.1d Standard LaTeX ifthen package (DPC)
)
(/Library/Application Support/MiKTeX/texmfs/install/tex/latex/tools/array.sty
Rollback for package 'array' requested -> date 2016-10-06.
         Best approximation is the release introduced on 2016-10-06.

(/Library/Application Support/MiKTeX/texmfs/install/tex/latex/tools/array-2016-
10-06.sty
Package: array 2016/10/06 v2.4d Tabular extension package (FMi)
\col@sep=\dimen141
\extrarowheight=\dimen142
\NC@list=\toks16
\extratabsurround=\skip49
\backup@length=\skip50
))
(/Library/Application Support/MiKTeX/texmfs/install/tex/latex/base/fixltx2e.sty
Package: fixltx2e 2016/12/29 v2.1a fixes to LaTeX (obsolete)
Applying: [2015/01/01] Old fixltx2e package on input line 46.

Package fixltx2e Warning: fixltx2e is not required with releases after 2015
(fixltx2e)                All fixes are now in the LaTeX kernel.
(fixltx2e)                See the latexrelease package for details.

Already applied: [0000/00/00] Old fixltx2e package on input line 53.
) (doxygen.sty
Package: doxygen 

(/Library/Application Support/MiKTeX/texmfs/install/tex/latex/base/alltt.sty
Package: alltt 2021/01/29 v2.0g defines alltt environment
)
(/Library/Application Support/MiKTeX/texmfs/install/tex/latex/tools/calc.sty
Package: calc 2017/05/25 v4.3 Infix arithmetic (KKT,FJ)
\calc@Acount=\count194
\calc@Bcount=\count195
\calc@Adimen=\dimen143
\calc@Bdimen=\dimen144
\calc@Askip=\skip51
\calc@Bskip=\skip52
LaTeX Info: Redefining \setlength on input line 80.
LaTeX Info: Redefining \addtolength on input line 81.
\calc@Ccount=\count196
\calc@Cskip=\skip53
)
(/Users/yongfrank/Library/Application Support/MiKTeX/texmfs/install/tex/latex/f
loat/float.sty
Package: float 2001/11/08 v1.3d Float enhancements (AL)
\c@float@type=\count197
\float@exts=\toks17
\float@box=\box51
\@float@everytoks=\toks18
\@floatcapt=\box52
)
(/Library/Application Support/MiKTeX/texmfs/install/tex/latex/tools/verbatim.st
y
Package: verbatim 2020-07-07 v1.5u LaTeX2e package for verbatim enhancements
\every@verbatim=\toks19
\verbatim@line=\toks20
\verbatim@in@stream=\read2
)
(/Library/Application Support/MiKTeX/texmfs/install/tex/latex/xcolor/xcolor.sty
Package: xcolor 2022/06/12 v2.14 LaTeX color extensions (UK)

(/Library/Application Support/MiKTeX/texmfs/install/tex/latex/graphics-cfg/colo
r.cfg
File: color.cfg 2016/01/02 v1.6 sample color configuration
)
Package xcolor Info: Driver file: pdftex.def on input line 227.

(/Library/Application Support/MiKTeX/texmfs/install/tex/latex/graphics-def/pdft
ex.def
File: pdftex.def 2022/09/22 v1.2b Graphics/color driver for pdftex
)
(/Users/yongfrank/Library/Application Support/MiKTeX/texmfs/install/tex/latex/c
olortbl/colortbl.sty
Package: colortbl 2022/06/20 v1.0f Color table columns (DPC)
\everycr=\toks21
\minrowclearance=\skip54
\rownum=\count198
)
(/Library/Application Support/MiKTeX/texmfs/install/tex/latex/graphics/mathcolo
r.ltx)
Package xcolor Info: Model `cmy' substituted by `cmy0' on input line 1353.
Package xcolor Info: Model `hsb' substituted by `rgb' on input line 1357.
Package xcolor Info: Model `RGB' extended on input line 1369.
Package xcolor Info: Model `HTML' substituted by `rgb' on input line 1371.
Package xcolor Info: Model `Hsb' substituted by `hsb' on input line 1372.
Package xcolor Info: Model `tHsb' substituted by `hsb' on input line 1373.
Package xcolor Info: Model `HSB' substituted by `hsb' on input line 1374.
Package xcolor Info: Model `Gray' substituted by `gray' on input line 1375.
Package xcolor Info: Model `wave' substituted by `hsb' on input line 1376.
) (longtable_doxygen.sty
Package: longtable_doxygen 2014/10/28 v4.11 Multi-page Table package (DPC) - fr
ozen version for doxygen
\LTleft=\skip55
\LTright=\skip56
\LTpre=\skip57
\LTpost=\skip58
\LTchunksize=\count199
\LTcapwidth=\dimen145
\LT@head=\box53
\LT@firsthead=\box54
\LT@foot=\box55
\LT@lastfoot=\box56
\LT@cols=\count266
\LT@rows=\count267
\c@LT@tables=\count268
\c@LT@chunks=\count269
\LT@p@ftn=\toks22
) (tabu_doxygen.sty
Package: tabu_doxygen 2011/02/26 v2.8 - flexible LaTeX tabulars (FC), frozen ve
rsion for doxygen

(/Users/yongfrank/Library/Application Support/MiKTeX/texmfs/install/tex/latex/v
arwidth/varwidth.sty
Package: varwidth 2009/03/30 ver 0.92;  Variable-width minipages
\@vwid@box=\box57
\sift@deathcycles=\count270
\@vwid@loff=\dimen146
\@vwid@roff=\dimen147
)
\c@taburow=\count271
\tabu@nbcols=\count272
\tabu@cnt=\count273
\tabu@Xcol=\count274
\tabu@alloc=\count275
\tabu@nested=\count276
\tabu@target=\dimen148
\tabu@spreadtarget=\dimen149
\tabu@naturalX=\dimen150
\tabucolX=\dimen151
\tabu@Xsum=\dimen152
\extrarowdepth=\dimen153
\abovetabulinesep=\dimen154
\belowtabulinesep=\dimen155
\tabustrutrule=\dimen156
\tabu@thebody=\toks23
\tabu@footnotes=\toks24
\tabu@box=\box58
\tabu@arstrutbox=\box59
\tabu@hleads=\box60
\tabu@vleads=\box61
\tabu@cellskip=\skip59
)
(/Users/yongfrank/Library/Application Support/MiKTeX/texmfs/install/tex/latex/f
ancyvrb/fancyvrb.sty
Package: fancyvrb 2022/06/06 4.5 verbatim text (tvz,hv)

(/Library/Application Support/MiKTeX/texmfs/install/tex/latex/graphics/keyval.s
ty
Package: keyval 2022/05/29 v1.15 key=value parser (DPC)
\KV@toks@=\toks25
)
\FV@CodeLineNo=\count277
\FV@InFile=\read3
\FV@TabBox=\box62
\c@FancyVerbLine=\count278
\FV@StepNumber=\count279
\FV@OutFile=\write3
)
(/Library/Application Support/MiKTeX/texmfs/install/tex/latex/tools/tabularx.st
y
Package: tabularx 2020/01/15 v2.11c `tabularx' package (DPC)
\TX@col@width=\dimen157
\TX@old@table=\dimen158
\TX@old@col=\dimen159
\TX@target=\dimen160
\TX@delta=\dimen161
\TX@cols=\count280
\TX@ftn=\toks26
)
(/Library/Application Support/MiKTeX/texmfs/install/tex/latex/tools/multicol.st
y
Package: multicol 2021/11/30 v1.9d multicolumn formatting (FMi)
\c@tracingmulticols=\count281
\mult@box=\box63
\multicol@leftmargin=\dimen162
\c@unbalance=\count282
\c@collectmore=\count283
\doublecol@number=\count284
\multicoltolerance=\count285
\multicolpretolerance=\count286
\full@width=\dimen163
\page@free=\dimen164
\premulticols=\dimen165
\postmulticols=\dimen166
\multicolsep=\skip60
\multicolbaselineskip=\skip61
\partial@page=\box64
\last@line=\box65
\maxbalancingoverflow=\dimen167
\mult@rightbox=\box66
\mult@grightbox=\box67
\mult@firstbox=\box68
\mult@gfirstbox=\box69
\@tempa=\box70
\@tempa=\box71
\@tempa=\box72
\@tempa=\box73
\@tempa=\box74
\@tempa=\box75
\@tempa=\box76
\@tempa=\box77
\@tempa=\box78
\@tempa=\box79
\@tempa=\box80
\@tempa=\box81
\@tempa=\box82
\@tempa=\box83
\@tempa=\box84
\@tempa=\box85
\@tempa=\box86
\@tempa=\box87
\@tempa=\box88
\@tempa=\box89
\@tempa=\box90
\@tempa=\box91
\@tempa=\box92
\@tempa=\box93
\@tempa=\box94
\@tempa=\box95
\@tempa=\box96
\@tempa=\box97
\@tempa=\box98
\@tempa=\box99
\@tempa=\box100
\@tempa=\box101
\@tempa=\box102
\@tempa=\box103
\@tempa=\box104
\@tempa=\box105
\c@minrows=\count287
\c@columnbadness=\count288
\c@finalcolumnbadness=\count289
\last@try=\dimen168
\multicolovershoot=\dimen169
\multicolundershoot=\dimen170
\mult@nat@firstbox=\box106
\colbreak@box=\box107
\mc@col@check@num=\count290
)
(/Users/yongfrank/Library/Application Support/MiKTeX/texmfs/install/tex/latex/m
ultirow/multirow.sty
Package: multirow 2021/03/15 v2.8 Span multiple rows of a table
\multirow@colwidth=\skip62
\multirow@cntb=\count291
\multirow@dima=\skip63
\bigstrutjot=\dimen171
)
(/Users/yongfrank/Library/Application Support/MiKTeX/texmfs/install/tex/latex/h
anging/hanging.sty
Package: hanging 2009/09/02 v1.2b hanging paragraphs and punctuation
\h@ngcommawd=\skip64
\h@ngfstopwd=\skip65
\h@ngquotewd=\skip66
\h@ngdquotewd=\skip67
\h@ngquerywd=\skip68
\h@ngexclwd=\skip69
\h@ngcolonwd=\skip70
\h@ngscolonwd=\skip71
)
(/Library/Application Support/MiKTeX/texmfs/install/tex/generic/iftex/ifpdf.sty
Package: ifpdf 2019/10/25 v3.4 ifpdf legacy package. Use iftex instead.

(/Library/Application Support/MiKTeX/texmfs/install/tex/generic/iftex/iftex.sty
Package: iftex 2022/02/03 v1.0f TeX engine tests
))
(/Users/yongfrank/Library/Application Support/MiKTeX/texmfs/install/tex/latex/a
djustbox/adjustbox.sty
Package: adjustbox 2022/10/17 v1.3a Adjusting TeX boxes (trim, clip, ...)

(/Library/Application Support/MiKTeX/texmfs/install/tex/latex/xkeyval/xkeyval.s
ty
Package: xkeyval 2022/06/16 v2.9 package option processing (HA)

(/Library/Application Support/MiKTeX/texmfs/install/tex/generic/xkeyval/xkeyval
.tex
(/Library/Application Support/MiKTeX/texmfs/install/tex/generic/xkeyval/xkvutil
s.tex
\XKV@toks=\toks27
\XKV@tempa@toks=\toks28
)
\XKV@depth=\count292
File: xkeyval.tex 2014/12/03 v2.7a key=value parser (HA)
))
(/Users/yongfrank/Library/Application Support/MiKTeX/texmfs/install/tex/latex/a
djustbox/adjcalc.sty
Package: adjcalc 2012/05/16 v1.1 Provides advanced setlength with multiple back
-ends (calc, etex, pgfmath)
)
(/Users/yongfrank/Library/Application Support/MiKTeX/texmfs/install/tex/latex/a
djustbox/trimclip.sty
Package: trimclip 2020/08/19 v1.2 Trim and clip general TeX material

(/Library/Application Support/MiKTeX/texmfs/install/tex/latex/graphics/graphicx
.sty
Package: graphicx 2021/09/16 v1.2d Enhanced LaTeX Graphics (DPC,SPQR)

(/Library/Application Support/MiKTeX/texmfs/install/tex/latex/graphics/graphics
.sty
Package: graphics 2022/03/10 v1.4e Standard LaTeX Graphics (DPC,SPQR)

(/Library/Application Support/MiKTeX/texmfs/install/tex/latex/graphics/trig.sty
Package: trig 2021/08/11 v1.11 sin cos tan (DPC)
)
(/Library/Application Support/MiKTeX/texmfs/install/tex/latex/graphics-cfg/grap
hics.cfg
File: graphics.cfg 2016/06/04 v1.11 sample graphics configuration
)
Package graphics Info: Driver file: pdftex.def on input line 107.
)
\Gin@req@height=\dimen172
\Gin@req@width=\dimen173
)
(/Users/yongfrank/Library/Application Support/MiKTeX/texmfs/install/tex/latex/c
ollectbox/collectbox.sty
Package: collectbox 2022/10/17 v0.4c Collect macro arguments as boxes
\collectedbox=\box108
)
\tc@llx=\dimen174
\tc@lly=\dimen175
\tc@urx=\dimen176
\tc@ury=\dimen177
Package trimclip Info: Using driver 'tc-pdftex.def'.

(/Users/yongfrank/Library/Application Support/MiKTeX/texmfs/install/tex/latex/a
djustbox/tc-pdftex.def
File: tc-pdftex.def 2019/01/04 v2.2 Clipping driver for pdftex
))
\adjbox@Width=\dimen178
\adjbox@Height=\dimen179
\adjbox@Depth=\dimen180
\adjbox@Totalheight=\dimen181
\adjbox@pwidth=\dimen182
\adjbox@pheight=\dimen183
\adjbox@pdepth=\dimen184
\adjbox@ptotalheight=\dimen185

(/Users/yongfrank/Library/Application Support/MiKTeX/texmfs/install/tex/latex/i
foddpage/ifoddpage.sty
Package: ifoddpage 2022/10/18 v1.2 Conditionals for odd/even page detection
\c@checkoddpage=\count293
))
(/Library/Application Support/MiKTeX/texmfs/install/tex/latex/amsfonts/amssymb.
sty
Package: amssymb 2013/01/14 v3.01 AMS font symbols

(/Library/Application Support/MiKTeX/texmfs/install/tex/latex/amsfonts/amsfonts
.sty
Package: amsfonts 2013/01/14 v3.01 Basic AMSFonts support
\@emptytoks=\toks29
\symAMSa=\mathgroup4
\symAMSb=\mathgroup5
LaTeX Font Info:    Redeclaring math symbol \hbar on input line 98.
LaTeX Font Info:    Overwriting math alphabet `\mathfrak' in version `bold'
(Font)                  U/euf/m/n --> U/euf/b/n on input line 106.
))
(/Users/yongfrank/Library/Application Support/MiKTeX/texmfs/install/tex/latex/s
tackengine/stackengine.sty
Package: stackengine 2021/07/22 v4.11\ Stacking text and objects in convenient 
ways

(/Library/Application Support/MiKTeX/texmfs/install/tex/latex/etoolbox/etoolbox
.sty
Package: etoolbox 2020/10/05 v2.5k e-TeX tools for LaTeX (JAW)
\etb@tempcnta=\count294
)
(/Users/yongfrank/Library/Application Support/MiKTeX/texmfs/install/tex/latex/l
istofitems/listofitems.sty
(/Users/yongfrank/Library/Application Support/MiKTeX/texmfs/install/tex/generic
/listofitems/listofitems.tex
\loi_cnt_foreach_nest=\count295
\loi_nestcnt=\count296
)
Package: listofitems 2019/08/21 v1.63 Grab items in lists using user-specified 
sep char (CT)
)
\c@@stackindex=\count297
\@boxshift=\skip72
\stack@tmplength=\skip73
\temp@stkl=\skip74
\@stackedboxwidth=\skip75
\@addedbox=\box109
\@anchorbox=\box110
\@insetbox=\box111
\se@backgroundbox=\box112
\stackedbox=\box113
\@centerbox=\box114
\c@ROWcellindex@=\count298
)
(/Users/yongfrank/Library/Application Support/MiKTeX/texmfs/install/tex/latex/e
numitem/enumitem.sty
Package: enumitem 2019/06/20 v3.9 Customized lists
\labelindent=\skip76
\enit@outerparindent=\dimen186
\enit@toks=\toks30
\enit@inbox=\box115
\enit@count@id=\count299
\enitdp@description=\count300
)
(/Users/yongfrank/Library/Application Support/MiKTeX/texmfs/install/tex/generic
/alphalph/alphalph.sty
Package: alphalph 2019/12/09 v2.6 Convert numbers to letters (HO)

(/Users/yongfrank/Library/Application Support/MiKTeX/texmfs/install/tex/generic
/infwarerr/infwarerr.sty
Package: infwarerr 2019/12/03 v1.5 Providing info/warning/error messages (HO)
)
(/Users/yongfrank/Library/Application Support/MiKTeX/texmfs/install/tex/generic
/intcalc/intcalc.sty
Package: intcalc 2019/12/15 v1.3 Expandable calculations with integers (HO)
))
(/Users/yongfrank/Library/Application Support/MiKTeX/texmfs/install/tex/latex/u
lem/ulem.sty
\UL@box=\box116
\UL@hyphenbox=\box117
\UL@skip=\skip77
\UL@hook=\toks31
\UL@height=\dimen187
\UL@pe=\count301
\UL@pixel=\dimen188
\ULC@box=\box118
Package: ulem 2019/11/18
\ULdepth=\dimen189
)
\xrefbox=\box119
\xreflength=\skip78
\CodeWidthChar=\skip79
\CodeHeightChar=\skip80
\DoxyCodeWidth=\skip81
\c@DoxyEnumeratei=\count302
\c@DoxyEnumerateii=\count303
\c@DoxyEnumerateiii=\count304
\c@DoxyEnumerateiv=\count305
\c@DoxyEnumeratev=\count306
\c@DoxyEnumeratevi=\count307
\c@DoxyEnumeratevii=\count308
\c@DoxyEnumerateviii=\count309
\c@DoxyEnumerateix=\count310
\c@DoxyEnumeratex=\count311
\c@DoxyEnumeratexi=\count312
\c@DoxyEnumeratexii=\count313
\enitdp@DoxyEnumerate=\count314
\enitdp@DoxyItemize=\count315
)
(/Library/Application Support/MiKTeX/texmfs/install/tex/latex/base/inputenc.sty
Package: inputenc 2021/02/14 v1.3d Input encoding file
\inpenc@prehook=\toks32
\inpenc@posthook=\toks33
)
(/Library/Application Support/MiKTeX/texmfs/install/tex/latex/base/makeidx.sty
Package: makeidx 2021/10/04 v1.0m Standard LaTeX package
)
(/Library/Application Support/MiKTeX/texmfs/install/tex/latex/base/textcomp.sty
Package: textcomp 2020/02/02 v2.0n Standard LaTeX package
)
(/Users/yongfrank/Library/Application Support/MiKTeX/texmfs/install/tex/latex/w
asysym/wasysym.sty
Package: wasysym 2020/01/19 v2.4 Wasy-2 symbol support package
\symwasy=\mathgroup6
LaTeX Font Info:    Overwriting symbol font `wasy' in version `bold'
(Font)                  U/wasy/m/n --> U/wasy/b/n on input line 93.
)
(/Library/Application Support/MiKTeX/texmfs/install/tex/generic/iftex/ifxetex.s
ty
Package: ifxetex 2019/10/25 v0.7 ifxetex legacy package. Use iftex instead.
)
(/Users/yongfrank/Library/Application Support/MiKTeX/texmfs/install/tex/latex/c
jk/CJKutf8.sty
Package: CJKutf8 2021/10/16 4.8.5

(/Users/yongfrank/Library/Application Support/MiKTeX/texmfs/install/tex/latex/c
jk/CJK.sty
Package: CJK 2021/10/16 4.8.5

(/Users/yongfrank/Library/Application Support/MiKTeX/texmfs/install/tex/latex/c
jk/mule/MULEenc.sty
Package: MULEenc 2021/10/16 4.8.5
)
(/Users/yongfrank/Library/Application Support/MiKTeX/texmfs/install/tex/latex/c
jk/CJK.enc
File: CJK.enc 2021/10/16 4.8.5
Now handling font encoding C00 ...
... no UTF-8 mapping file for font encoding C00
Now handling font encoding C05 ...
... no UTF-8 mapping file for font encoding C05
Now handling font encoding C09 ...
... no UTF-8 mapping file for font encoding C09
Now handling font encoding C10 ...
... no UTF-8 mapping file for font encoding C10
Now handling font encoding C20 ...
... no UTF-8 mapping file for font encoding C20
Now handling font encoding C19 ...
... no UTF-8 mapping file for font encoding C19
Now handling font encoding C40 ...
... no UTF-8 mapping file for font encoding C40
Now handling font encoding C42 ...
... no UTF-8 mapping file for font encoding C42
Now handling font encoding C43 ...
... no UTF-8 mapping file for font encoding C43
Now handling font encoding C50 ...
... no UTF-8 mapping file for font encoding C50
Now handling font encoding C52 ...
... no UTF-8 mapping file for font encoding C52
Now handling font encoding C49 ...
... no UTF-8 mapping file for font encoding C49
Now handling font encoding C60 ...
... no UTF-8 mapping file for font encoding C60
Now handling font encoding C61 ...
... no UTF-8 mapping file for font encoding C61
Now handling font encoding C63 ...
... no UTF-8 mapping file for font encoding C63
Now handling font encoding C64 ...
... no UTF-8 mapping file for font encoding C64
Now handling font encoding C65 ...
... no UTF-8 mapping file for font encoding C65
Now handling font encoding C70 ...
... no UTF-8 mapping file for font encoding C70
Now handling font encoding C31 ...
... no UTF-8 mapping file for font encoding C31
Now handling font encoding C32 ...
... no UTF-8 mapping file for font encoding C32
Now handling font encoding C33 ...
... no UTF-8 mapping file for font encoding C33
Now handling font encoding C34 ...
... no UTF-8 mapping file for font encoding C34
Now handling font encoding C35 ...
... no UTF-8 mapping file for font encoding C35
Now handling font encoding C36 ...
... no UTF-8 mapping file for font encoding C36
Now handling font encoding C37 ...
... no UTF-8 mapping file for font encoding C37
Now handling font encoding C80 ...
... no UTF-8 mapping file for font encoding C80
Now handling font encoding C81 ...
... no UTF-8 mapping file for font encoding C81
Now handling font encoding C01 ...
... no UTF-8 mapping file for font encoding C01
Now handling font encoding C11 ...
... no UTF-8 mapping file for font encoding C11
Now handling font encoding C21 ...
... no UTF-8 mapping file for font encoding C21
Now handling font encoding C41 ...
... no UTF-8 mapping file for font encoding C41
Now handling font encoding C62 ...
... no UTF-8 mapping file for font encoding C62
)
\CJK@indent=\box120
)
(/Library/Application Support/MiKTeX/texmfs/install/tex/latex/base/fontenc.sty
Package: fontenc 2021/04/29 v2.0v Standard LaTeX package
))
(/Users/yongfrank/Library/Application Support/MiKTeX/texmfs/install/tex/latex/p
snfss/helvet.sty
Package: helvet 2020/03/25 PSNFSS-v9.3 (WaS) 
)
(/Users/yongfrank/Library/Application Support/MiKTeX/texmfs/install/tex/latex/p
snfss/courier.sty
Package: courier 2020/03/25 PSNFSS-v9.3 (WaS) 
)
(/Users/yongfrank/Library/Application Support/MiKTeX/texmfs/install/tex/latex/s
ectsty/sectsty.sty
Package: sectsty 2002/02/25 v2.0.2 Commands to change all sectional heading sty
les


LaTeX Warning: Command \underbar  has changed.
               Check if current package is valid.


LaTeX Warning: Command \underline  has changed.
               Check if current package is valid.

)
(/Users/yongfrank/Library/Application Support/MiKTeX/texmfs/install/tex/latex/g
eometry/geometry.sty
Package: geometry 2020/01/02 v5.9 Page Geometry

(/Library/Application Support/MiKTeX/texmfs/install/tex/generic/iftex/ifvtex.st
y
Package: ifvtex 2019/10/25 v1.7 ifvtex legacy package. Use iftex instead.
)
\Gm@cnth=\count316
\Gm@cntv=\count317
\c@Gm@tempcnt=\count318
\Gm@bindingoffset=\dimen190
\Gm@wd@mp=\dimen191
\Gm@odd@mp=\dimen192
\Gm@even@mp=\dimen193
\Gm@layoutwidth=\dimen194
\Gm@layoutheight=\dimen195
\Gm@layouthoffset=\dimen196
\Gm@layoutvoffset=\dimen197
\Gm@dimlist=\toks34

(/Users/yongfrank/Library/Application Support/MiKTeX/texmfs/install/tex/latex/g
eometry/geometry.cfg))
(/Users/yongfrank/Library/Application Support/MiKTeX/texmfs/install/tex/latex/f
ancyhdr/fancyhdr.sty
Package: fancyhdr 2022/11/09 v4.1 Extensive control of page headers and footers

\f@nch@headwidth=\skip82
\f@nch@O@elh=\skip83
\f@nch@O@erh=\skip84
\f@nch@O@olh=\skip85
\f@nch@O@orh=\skip86
\f@nch@O@elf=\skip87
\f@nch@O@erf=\skip88
\f@nch@O@olf=\skip89
\f@nch@O@orf=\skip90
)
(/Users/yongfrank/Library/Application Support/MiKTeX/texmfs/install/tex/latex/n
atbib/natbib.sty
Package: natbib 2010/09/13 8.31b (PWD, AO)
\bibhang=\skip91
\bibsep=\skip92
LaTeX Info: Redefining \cite on input line 694.
\c@NAT@ctr=\count319
)
(/Users/yongfrank/Library/Application Support/MiKTeX/texmfs/install/tex/latex/t
ocloft/tocloft.sty
Package: tocloft 2017/08/31 v2.3i parameterised ToC, etc., typesetting
Package tocloft Info: The document has chapter divisions on input line 51.
\cftparskip=\skip93
\cftbeforetoctitleskip=\skip94
\cftaftertoctitleskip=\skip95
\cftbeforepartskip=\skip96
\cftpartnumwidth=\skip97
\cftpartindent=\skip98
\cftbeforechapskip=\skip99
\cftchapindent=\skip100
\cftchapnumwidth=\skip101
\cftbeforesecskip=\skip102
\cftsecindent=\skip103
\cftsecnumwidth=\skip104
\cftbeforesubsecskip=\skip105
\cftsubsecindent=\skip106
\cftsubsecnumwidth=\skip107
\cftbeforesubsubsecskip=\skip108
\cftsubsubsecindent=\skip109
\cftsubsubsecnumwidth=\skip110
\cftbeforeparaskip=\skip111
\cftparaindent=\skip112
\cftparanumwidth=\skip113
\cftbeforesubparaskip=\skip114
\cftsubparaindent=\skip115
\cftsubparanumwidth=\skip116
\cftbeforeloftitleskip=\skip117
\cftafterloftitleskip=\skip118
\cftbeforefigskip=\skip119
\cftfigindent=\skip120
\cftfignumwidth=\skip121
\c@lofdepth=\count320
\c@lotdepth=\count321
\cftbeforelottitleskip=\skip122
\cftafterlottitleskip=\skip123
\cftbeforetabskip=\skip124
\cfttabindent=\skip125
\cfttabnumwidth=\skip126
)
\@indexfile=\write4
\openout4 = `refman.idx'.


Writing index file refman.idx

(/Users/yongfrank/Library/Application Support/MiKTeX/texmfs/install/tex/latex/n
ewunicodechar/newunicodechar.sty
Package: newunicodechar 2018/04/08 v1.2 Defining Unicode characters
)

Package newunicodechar Warning: Redefining Unicode character on input line 117.



Package newunicodechar Warning: Redefining Unicode character on input line 118.



(/Library/Application Support/MiKTeX/texmfs/install/tex/latex/hyperref/hyperref
.sty
Package: hyperref 2022-11-13 v7.00u Hypertext links for LaTeX

(/Users/yongfrank/Library/Application Support/MiKTeX/texmfs/install/tex/generic
/ltxcmds/ltxcmds.sty
Package: ltxcmds 2020-05-10 v1.25 LaTeX kernel commands for general use (HO)
)
(/Library/Application Support/MiKTeX/texmfs/install/tex/generic/pdftexcmds/pdft
excmds.sty
Package: pdftexcmds 2020-06-27 v0.33 Utility functions of pdfTeX for LuaTeX (HO
)
Package pdftexcmds Info: \pdf@primitive is available.
Package pdftexcmds Info: \pdf@ifprimitive is available.
Package pdftexcmds Info: \pdfdraftmode found.
)
(/Users/yongfrank/Library/Application Support/MiKTeX/texmfs/install/tex/latex/k
vsetkeys/kvsetkeys.sty
Package: kvsetkeys 2022-10-05 v1.19 Key value parser (HO)
)
(/Users/yongfrank/Library/Application Support/MiKTeX/texmfs/install/tex/generic
/kvdefinekeys/kvdefinekeys.sty
Package: kvdefinekeys 2019-12-19 v1.6 Define keys (HO)
)
(/Users/yongfrank/Library/Application Support/MiKTeX/texmfs/install/tex/generic
/pdfescape/pdfescape.sty
Package: pdfescape 2019/12/09 v1.15 Implements pdfTeX's escape features (HO)
)
(/Users/yongfrank/Library/Application Support/MiKTeX/texmfs/install/tex/latex/h
ycolor/hycolor.sty
Package: hycolor 2020-01-27 v1.10 Color options for hyperref/bookmark (HO)
)
(/Users/yongfrank/Library/Application Support/MiKTeX/texmfs/install/tex/latex/l
etltxmacro/letltxmacro.sty
Package: letltxmacro 2019/12/03 v1.6 Let assignment for LaTeX macros (HO)
)
(/Users/yongfrank/Library/Application Support/MiKTeX/texmfs/install/tex/latex/a
uxhook/auxhook.sty
Package: auxhook 2019-12-17 v1.6 Hooks for auxiliary files (HO)
)
(/Library/Application Support/MiKTeX/texmfs/install/tex/latex/hyperref/nameref.
sty
Package: nameref 2022-05-17 v2.50 Cross-referencing by name of section

(/Users/yongfrank/Library/Application Support/MiKTeX/texmfs/install/tex/latex/r
efcount/refcount.sty
Package: refcount 2019/12/15 v3.6 Data extraction from label references (HO)
)
(/Users/yongfrank/Library/Application Support/MiKTeX/texmfs/install/tex/generic
/gettitlestring/gettitlestring.sty
Package: gettitlestring 2019/12/15 v1.6 Cleanup title references (HO)

(/Users/yongfrank/Library/Application Support/MiKTeX/texmfs/install/tex/latex/k
voptions/kvoptions.sty
Package: kvoptions 2022-06-15 v3.15 Key value format for package options (HO)
))
\c@section@level=\count322
)
\@linkdim=\dimen198
\Hy@linkcounter=\count323
\Hy@pagecounter=\count324

(/Library/Application Support/MiKTeX/texmfs/install/tex/latex/hyperref/pd1enc.d
ef
File: pd1enc.def 2022-11-13 v7.00u Hyperref: PDFDocEncoding definition (HO)
Now handling font encoding PD1 ...
... no UTF-8 mapping file for font encoding PD1
)
(/Users/yongfrank/Library/Application Support/MiKTeX/texmfs/install/tex/generic
/etexcmds/etexcmds.sty
Package: etexcmds 2019/12/15 v1.7 Avoid name clashes with e-TeX commands (HO)
)
\Hy@SavedSpaceFactor=\count325

(/Library/Application Support/MiKTeX/texmfs/install/tex/latex/hyperref/puenc.de
f
File: puenc.def 2022-11-13 v7.00u Hyperref: PDF Unicode definition (HO)
Now handling font encoding PU ...
... no UTF-8 mapping file for font encoding PU
)
Package hyperref Info: Hyper figures OFF on input line 4162.
Package hyperref Info: Link nesting OFF on input line 4167.
Package hyperref Info: Hyper index ON on input line 4170.
Package hyperref Info: Plain pages OFF on input line 4177.
Package hyperref Info: Backreferencing ON on input line 4180.
Package hyperref Info: Implicit mode ON; LaTeX internals redefined.
Package hyperref Info: Bookmarks ON on input line 4410.

(/Library/Application Support/MiKTeX/texmfs/install/tex/latex/hyperref/backref.
sty
Package: backref 2021/02/04 v1.41 Bibliographical back referencing

(/Users/yongfrank/Library/Application Support/MiKTeX/texmfs/install/tex/latex/r
erunfilecheck/rerunfilecheck.sty
Package: rerunfilecheck 2022-07-10 v1.10 Rerun checks for auxiliary files (HO)

(/Library/Application Support/MiKTeX/texmfs/install/tex/latex/base/atveryend-lt
x.sty
Package: atveryend-ltx 2020/08/19 v1.0a Emulation of the original atveryend pac
kage
with kernel methods
)
(/Users/yongfrank/Library/Application Support/MiKTeX/texmfs/install/tex/generic
/uniquecounter/uniquecounter.sty
Package: uniquecounter 2019/12/15 v1.4 Provide unlimited unique counter (HO)

(/Users/yongfrank/Library/Application Support/MiKTeX/texmfs/install/tex/generic
/bigintcalc/bigintcalc.sty
Package: bigintcalc 2019/12/15 v1.5 Expandable calculations on big integers (HO
)
))
Package uniquecounter Info: New unique counter `rerunfilecheck' on input line 2
85.
))
\c@Hy@tempcnt=\count326

(/Library/Application Support/MiKTeX/texmfs/install/tex/latex/url/url.sty
\Urlmuskip=\muskip16
Package: url 2013/09/16  ver 3.4  Verb mode for urls, etc.
)
LaTeX Info: Redefining \url on input line 4748.
\XeTeXLinkMargin=\dimen199

(/Users/yongfrank/Library/Application Support/MiKTeX/texmfs/install/tex/generic
/bitset/bitset.sty
Package: bitset 2019/12/09 v1.3 Handle bit-vector datatype (HO)
)
\Fld@menulength=\count327
\Field@Width=\dimen256
\Fld@charsize=\dimen257
Package hyperref Info: Hyper figures OFF on input line 6027.
Package hyperref Info: Link nesting OFF on input line 6032.
Package hyperref Info: Hyper index ON on input line 6035.
Package hyperref Info: backreferencing ON on input line 6040.
Package hyperref Info: Link coloring OFF on input line 6047.
Package hyperref Info: Link coloring with OCG OFF on input line 6052.
Package hyperref Info: PDF/A mode OFF on input line 6057.

(/Library/Application Support/MiKTeX/texmfs/install/tex/latex/base/atbegshi-ltx
.sty
Package: atbegshi-ltx 2021/01/10 v1.0c Emulation of the original atbegshi
package with kernel methods
)
\Hy@abspage=\count328
\c@Item=\count329
\c@Hfootnote=\count330


LaTeX Warning: Command \LT@p@ftntext  has changed.
               Check if current package is valid.

)
Package hyperref Info: Driver: hpdftex.

(/Library/Application Support/MiKTeX/texmfs/install/tex/latex/hyperref/hpdftex.
def
File: hpdftex.def 2022-11-13 v7.00u Hyperref driver for pdfTeX
\Fld@listcount=\count331
\c@bookmark@seq@number=\count332
\Hy@SectionHShift=\skip127
)
Package hyperref Info: Option `colorlinks' set `true' on input line 137.
Package hyperref Info: Option `unicode' set `true' on input line 137.

(/Users/yongfrank/Library/Application Support/MiKTeX/texmfs/install/tex/latex/c
aption/caption.sty
Package: caption 2022/03/01 v3.6b Customizing captions (AR)

(/Users/yongfrank/Library/Application Support/MiKTeX/texmfs/install/tex/latex/c
aption/caption3.sty
Package: caption3 2022/03/17 v2.3b caption3 kernel (AR)
\caption@tempdima=\dimen258
\captionmargin=\dimen259
\caption@leftmargin=\dimen260
\caption@rightmargin=\dimen261
\caption@width=\dimen262
\caption@indent=\dimen263
\caption@parindent=\dimen264
\caption@hangindent=\dimen265
Package caption Info: Standard document class detected.
)
\c@caption@flags=\count333
\c@continuedfloat=\count334
Package caption Info: float package is loaded.
Package caption Info: hyperref package is loaded.
Package caption Info: longtable package is loaded.

(/Users/yongfrank/Library/Application Support/MiKTeX/texmfs/install/tex/latex/c
aption/ltcaption.sty
Package: ltcaption 2021/01/08 v1.4c longtable captions (AR)
))
(/Users/yongfrank/Library/Application Support/MiKTeX/texmfs/install/tex/latex/e
toc/etoc.sty
Package: etoc 2022/08/30 v1.09f Completely customisable TOCs (JFB)
\Etoc@toctoks=\toks35
\c@etoc@tocid=\count335
\c@etoc@tocdepth=\count336
\etoc@framed@titlebox=\box121
\etoc@framed@contentsbox=\box122
)
LaTeX Font Info:    Trying to load font information for OT1+phv on input line 1
53.

(/Users/yongfrank/Library/Application Support/MiKTeX/texmfs/install/tex/latex/p
snfss/ot1phv.fd
File: ot1phv.fd 2020/03/25 scalable font definitions for OT1/phv.
)
LaTeX Font Info:    Font shape `OT1/phv/m/n' will be
(Font)              scaled to size 8.99994pt on input line 153.

(/Library/Application Support/MiKTeX/texmfs/install/tex/latex/l3backend/l3backe
nd-pdftex.def
File: l3backend-pdftex.def 2022-10-26 L3 backend support: PDF output (pdfTeX)
\l__color_backend_stack_int=\count337
\l__pdf_internal_box=\box123
) (refman.aux)
\openout1 = `refman.aux'.

LaTeX Font Info:    Checking defaults for OML/cmm/m/it on input line 153.
LaTeX Font Info:    ... okay on input line 153.
LaTeX Font Info:    Checking defaults for OMS/cmsy/m/n on input line 153.
LaTeX Font Info:    ... okay on input line 153.
LaTeX Font Info:    Checking defaults for OT1/cmr/m/n on input line 153.
LaTeX Font Info:    ... okay on input line 153.
LaTeX Font Info:    Checking defaults for T1/cmr/m/n on input line 153.
LaTeX Font Info:    ... okay on input line 153.
LaTeX Font Info:    Checking defaults for TS1/cmr/m/n on input line 153.
LaTeX Font Info:    ... okay on input line 153.
LaTeX Font Info:    Checking defaults for OMX/cmex/m/n on input line 153.
LaTeX Font Info:    ... okay on input line 153.
LaTeX Font Info:    Checking defaults for U/cmr/m/n on input line 153.
LaTeX Font Info:    ... okay on input line 153.
LaTeX Font Info:    Checking defaults for C00/song/m/n on input line 153.
LaTeX Font Info:    ... okay on input line 153.
LaTeX Font Info:    Checking defaults for C05/song/m/n on input line 153.
LaTeX Font Info:    ... okay on input line 153.
LaTeX Font Info:    Checking defaults for C09/song/m/n on input line 153.
LaTeX Font Info:    ... okay on input line 153.
LaTeX Font Info:    Checking defaults for C10/song/m/n on input line 153.
LaTeX Font Info:    ... okay on input line 153.
LaTeX Font Info:    Checking defaults for C20/song/m/n on input line 153.
LaTeX Font Info:    ... okay on input line 153.
LaTeX Font Info:    Checking defaults for C19/song/m/n on input line 153.
LaTeX Font Info:    ... okay on input line 153.
LaTeX Font Info:    Checking defaults for C40/song/m/n on input line 153.
LaTeX Font Info:    ... okay on input line 153.
LaTeX Font Info:    Checking defaults for C42/song/m/n on input line 153.
LaTeX Font Info:    ... okay on input line 153.
LaTeX Font Info:    Checking defaults for C43/song/m/n on input line 153.
LaTeX Font Info:    ... okay on input line 153.
LaTeX Font Info:    Checking defaults for C50/song/m/n on input line 153.
LaTeX Font Info:    ... okay on input line 153.
LaTeX Font Info:    Checking defaults for C52/song/m/n on input line 153.
LaTeX Font Info:    ... okay on input line 153.
LaTeX Font Info:    Checking defaults for C49/song/m/n on input line 153.
LaTeX Font Info:    ... okay on input line 153.
LaTeX Font Info:    Checking defaults for C60/mj/m/n on input line 153.
LaTeX Font Info:    ... okay on input line 153.
LaTeX Font Info:    Checking defaults for C61/mj/m/n on input line 153.
LaTeX Font Info:    ... okay on input line 153.
LaTeX Font Info:    Checking defaults for C63/mj/m/n on input line 153.
LaTeX Font Info:    ... okay on input line 153.
LaTeX Font Info:    Checking defaults for C64/mj/m/n on input line 153.
LaTeX Font Info:    ... okay on input line 153.
LaTeX Font Info:    Checking defaults for C65/mj/m/n on input line 153.
LaTeX Font Info:    ... okay on input line 153.
LaTeX Font Info:    Checking defaults for C70/song/m/n on input line 153.
LaTeX Font Info:    ... okay on input line 153.
LaTeX Font Info:    Checking defaults for C31/song/m/n on input line 153.
LaTeX Font Info:    ... okay on input line 153.
LaTeX Font Info:    Checking defaults for C32/song/m/n on input line 153.
LaTeX Font Info:    ... okay on input line 153.
LaTeX Font Info:    Checking defaults for C33/song/m/n on input line 153.
LaTeX Font Info:    ... okay on input line 153.
LaTeX Font Info:    Checking defaults for C34/song/m/n on input line 153.
LaTeX Font Info:    ... okay on input line 153.
LaTeX Font Info:    Checking defaults for C35/song/m/n on input line 153.
LaTeX Font Info:    ... okay on input line 153.
LaTeX Font Info:    Checking defaults for C36/song/m/n on input line 153.
LaTeX Font Info:    ... okay on input line 153.
LaTeX Font Info:    Checking defaults for C37/song/m/n on input line 153.
LaTeX Font Info:    ... okay on input line 153.
LaTeX Font Info:    Checking defaults for C80/song/m/n on input line 153.
LaTeX Font Info:    ... okay on input line 153.
LaTeX Font Info:    Checking defaults for C81/song/m/n on input line 153.
LaTeX Font Info:    ... okay on input line 153.
LaTeX Font Info:    Checking defaults for C01/song/m/n on input line 153.
LaTeX Font Info:    ... okay on input line 153.
LaTeX Font Info:    Checking defaults for C11/song/m/n on input line 153.
LaTeX Font Info:    ... okay on input line 153.
LaTeX Font Info:    Checking defaults for C21/song/m/n on input line 153.
LaTeX Font Info:    ... okay on input line 153.
LaTeX Font Info:    Checking defaults for C41/song/m/n on input line 153.
LaTeX Font Info:    ... okay on input line 153.
LaTeX Font Info:    Checking defaults for C62/song/m/n on input line 153.
LaTeX Font Info:    ... okay on input line 153.
LaTeX Font Info:    Checking defaults for PD1/pdf/m/n on input line 153.
LaTeX Font Info:    ... okay on input line 153.
LaTeX Font Info:    Checking defaults for PU/pdf/m/n on input line 153.
LaTeX Font Info:    ... okay on input line 153.

(/Library/Application Support/MiKTeX/texmfs/install/tex/context/base/mkii/supp-
pdf.mkii
[Loading MPS to PDF converter (version 2006.09.02).]
\scratchcounter=\count338
\scratchdimen=\dimen266
\scratchbox=\box124
\nofMPsegments=\count339
\nofMParguments=\count340
\everyMPshowfont=\toks36
\MPscratchCnt=\count341
\MPscratchDim=\dimen267
\MPnumerator=\count342
\makeMPintoPDFobject=\count343
\everyMPtoPDFconversion=\toks37
)
(/Library/Application Support/MiKTeX/texmfs/install/tex/latex/epstopdf-pkg/epst
opdf-base.sty
Package: epstopdf-base 2020-01-24 v2.11 Base part for package epstopdf
Package epstopdf-base Info: Redefining graphics rule for `.eps' on input line 4
85.

(/Library/Application Support/MiKTeX/texmfs/install/tex/latex/00miktex/epstopdf
-sys.cfg
File: epstopdf-sys.cfg 2021/03/18 v2.0 Configuration of epstopdf for MiKTeX
))
*geometry* driver: auto-detecting
*geometry* detected driver: pdftex
*geometry* verbose mode - [ preamble ] result:
* driver: pdftex
* paper: a4paper
* layout: <same size as paper>
* layoutoffset:(h,v)=(0.0pt,0.0pt)
* modes: twoside 
* h-part:(L,W,R)=(71.13188pt, 455.24411pt, 71.13188pt)
* v-part:(T,H,B)=(71.13188pt, 702.78308pt, 71.13188pt)
* \paperwidth=597.50787pt
* \paperheight=845.04684pt
* \textwidth=455.24411pt
* \textheight=702.78308pt
* \oddsidemargin=-1.1381pt
* \evensidemargin=-1.1381pt
* \topmargin=-31.2056pt
* \headheight=12.0pt
* \headsep=18.06749pt
* \topskip=10.0pt
* \footskip=25.29494pt
* \marginparwidth=125.0pt
* \marginparsep=7.0pt
* \columnsep=10.0pt
* \skip\footins=9.0pt plus 4.0pt minus 2.0pt
* \hoffset=0.0pt
* \voffset=0.0pt
* \mag=1000
* \@twocolumnfalse
* \@twosidetrue
* \@mparswitchtrue
* \@reversemarginfalse
* (1in=72.27pt=25.4mm, 1cm=28.453pt)

Package backref Info: ** backref set up for natbib ** on input line 153.
Package hyperref Info: Link coloring ON on input line 153.
(refman.out) (refman.out)
\@outlinefile=\write5
\openout5 = `refman.out'.

Package caption Info: Begin \AtBeginDocument code.
Package caption Info: End \AtBeginDocument code.
\Etoc@tf=\read4

(/Users/yongfrank/Library/Application Support/MiKTeX/texmfs/install/tex/latex/c
jk/UTF8/UTF8.bdg
File: UTF8.bdg 2021/10/16 4.8.5
)
(/Users/yongfrank/Library/Application Support/MiKTeX/texmfs/install/tex/latex/c
jk/UTF8/UTF8.enc
File: UTF8.enc 2021/10/16 4.8.5
)
(/Users/yongfrank/Library/Application Support/MiKTeX/texmfs/install/tex/latex/c
jk/UTF8/UTF8.chr
File: UTF8.chr 2021/10/16 4.8.5
)
Package hyperref Info: Option `pageanchor' set `false' on input line 162.
Package hyperref Info: Option `bookmarksnumbered' set `true' on input line 162.

Package hyperref Info: Option `unicode' set `true' on input line 162.
LaTeX Font Info:    Font shape `OT1/phv/m/n' will be
(Font)              scaled to size 12.9599pt on input line 167.
LaTeX Font Info:    Font shape `OT1/phv/m/n' will be
(Font)              scaled to size 6.29996pt on input line 167.
LaTeX Font Info:    Trying to load font information for U+msa on input line 167
.

(/Library/Application Support/MiKTeX/texmfs/install/tex/latex/amsfonts/umsa.fd
File: umsa.fd 2013/01/14 v3.01 AMS symbols A
)
LaTeX Font Info:    Trying to load font information for U+msb on input line 167
.
(/Library/Application Support/MiKTeX/texmfs/install/tex/latex/amsfonts/umsb.fd
File: umsb.fd 2013/01/14 v3.01 AMS symbols B
)
LaTeX Font Info:    Trying to load font information for U+wasy on input line 16
7.

(/Users/yongfrank/Library/Application Support/MiKTeX/texmfs/install/tex/latex/w
asysym/uwasy.fd
File: uwasy.fd 2020/01/19 v2.4 Wasy-2 symbol font definitions
)
LaTeX Font Info:    Font shape `OT1/phv/m/n' will be
(Font)              scaled to size 10.79993pt on input line 168.
LaTeX Font Info:    Trying to load font information for C70+gbsn on input line 
170.

(/Users/yongfrank/Library/Application Support/MiKTeX/texmfs/install/tex/latex/c
jk/UTF8/c70gbsn.fd
File: c70gbsn.fd 2021/10/16 4.8.5
)
(/Users/yongfrank/Library/Application Support/MiKTeX/texmfs/install/tex/latex/c
jk/UTF8/c70gbsn.fdx
File: c70gbsn.fdx 2021/10/16 4.8.5
) [1


{/Users/yongfrank/Library/Application Support/MiKTeX/texmfs/data/fonts/map/pdft
ex/pdftex.map}] [2

]
\tf@toc=\write6
\openout6 = `refman.toc'.

LaTeX Font Info:    Font shape `OT1/phv/b/n' will be
(Font)              scaled to size 8.99994pt on input line 176.


LaTeX Font Warning: Font shape `C70/gbsn/b/n' undefined
(Font)              using `C70/gbsn/m/n' instead on input line 176.

LaTeX Font Info:    Font shape `OT1/phv/b/n' will be
(Font)              scaled to size 6.29996pt on input line 176.
[1]
LaTeX Font Info:    Font shape `OT1/phv/m/n' will be
(Font)              scaled to size 7.19995pt on input line 176.
LaTeX Font Info:    Trying to load font information for OT1+pcr on input line 1
76.

(/Users/yongfrank/Library/Application Support/MiKTeX/texmfs/install/tex/latex/p
snfss/ot1pcr.fd
File: ot1pcr.fd 2001/06/04 font definitions for OT1/pcr.
) [2] [3] [4]
Package hyperref Info: Option `pageanchor' set `true' on input line 179.

Chapter 1.
LaTeX Font Info:    Font shape `OT1/phv/m/n' will be
(Font)              scaled to size 18.66588pt on input line 181.
LaTeX Font Info:    Font shape `OT1/phv/b/n' will be
(Font)              scaled to size 18.66588pt on input line 181.
LaTeX Font Info:    Font shape `OT1/phv/bc/n' will be
(Font)              scaled to size 18.66588pt on input line 181.
LaTeX Font Info:    Font shape `OT1/phv/m/n' will be
(Font)              scaled to size 22.39185pt on input line 181.
LaTeX Font Info:    Font shape `OT1/phv/b/n' will be
(Font)              scaled to size 22.39185pt on input line 181.
LaTeX Font Info:    Font shape `OT1/phv/bc/n' will be
(Font)              scaled to size 22.39185pt on input line 181.
(md__r_e_a_d_m_e.tex
LaTeX Font Info:    Font shape `OT1/phv/b/n' will be
(Font)              scaled to size 12.9599pt on input line 1.
LaTeX Font Info:    Font shape `OT1/phv/b/n' will be
(Font)              scaled to size 10.79993pt on input line 2.
LaTeX Font Info:    Trying to load font information for TS1+phv on input line 2
6.

(/Users/yongfrank/Library/Application Support/MiKTeX/texmfs/install/tex/latex/p
snfss/ts1phv.fd
File: ts1phv.fd 2020/03/25 scalable font definitions for TS1/phv.
)
LaTeX Font Info:    Font shape `TS1/phv/m/n' will be
(Font)              scaled to size 8.99994pt on input line 26.
 [1


]
Underfull \hbox (badness 1152) in paragraph at lines 52--53
[][] \OT1/pcr/m/n/10 qt \C70/gbsn/b/n/10/91 ^^cc \C70/gbsn/b/n/10/97 b \OT1/pcr
/m/n/10 std[]::sort \C70/gbsn/m/n/10/8c ^^C \C70/gbsn/b/n/10/75 ( \C70/gbsn/b/n
/10/52 + \C70/gbsn/b/n/10/76 ^^84 \C70/gbsn/b/n/10/7c { \C70/gbsn/b/n/10/91 ^^c
c \C70/gbsn/b/n/10/97 b \C70/gbsn/b/n/10/53 ^^cb \C70/gbsn/b/n/10/51 C ^^fd \C7
0/gbsn/b/n/10/65 p \C70/gbsn/b/n/10/5f S \C70/gbsn/b/n/10/4f \ \C70/gbsn/b/n/10
/63 ^^92 \C70/gbsn/b/n/10/5e ^^8f \C70/gbsn/b/n/10/4f ^^9d \C70/gbsn/b/n/10/63 
n \C70/gbsn/b/n/10/66 > \C70/gbsn/m/n/10/79 : \OT1/pcr/m/n/10 Use of undeclared

 []


Underfull \hbox (badness 1152) in paragraph at lines 62--63
[][][] \OT1/pcr/m/n/10 qt \C70/gbsn/b/n/10/91 ^^cc \C70/gbsn/b/n/10/97 b \OT1/p
cr/m/n/10 std[]::sort \C70/gbsn/m/n/10/8c ^^C \C70/gbsn/b/n/10/75 ( \C70/gbsn/b
/n/10/52 + \C70/gbsn/b/n/10/76 ^^84 \C70/gbsn/b/n/10/7c { \C70/gbsn/b/n/10/91 ^
^cc \C70/gbsn/b/n/10/97 b \C70/gbsn/b/n/10/53 ^^cb \C70/gbsn/b/n/10/51 C ^^fd \
C70/gbsn/b/n/10/65 p \C70/gbsn/b/n/10/5f S \C70/gbsn/b/n/10/4f \ \C70/gbsn/b/n/
10/63 ^^92 \C70/gbsn/b/n/10/5e ^^8f \C70/gbsn/b/n/10/4f ^^9d \C70/gbsn/b/n/10/6
3 n \C70/gbsn/b/n/10/66 > \C70/gbsn/m/n/10/79 : \OT1/pcr/m/n/10 Use of undeclar
ed
 []

[2])

Package fancyhdr Warning: \headheight is too small (12.0pt): 
(fancyhdr)                Make it at least 12.14375pt, for example:
(fancyhdr)                \setlength{\headheight}{12.14375pt}.
(fancyhdr)                You might also make \topmargin smaller to compensate:

(fancyhdr)                \addtolength{\topmargin}{-0.14375pt}.

[3] [4

]
Chapter 2.

LaTeX Font Warning: Font shape `C70/gbsn/bc/n' undefined
(Font)              using `C70/gbsn/m/n' instead on input line 185.

(test.tex
Underfull \hbox (badness 10000) in paragraph at lines 6--6

 []


Underfull \hbox (badness 10000) in paragraph at lines 9--9

 []


Underfull \hbox (badness 10000) in paragraph at lines 12--12

 []


Underfull \hbox (badness 10000) in paragraph at lines 15--15

 []


Underfull \hbox (badness 10000) in paragraph at lines 21--21

 []


Underfull \hbox (badness 10000) in paragraph at lines 24--24

 []

) [5]

Package fancyhdr Warning: \headheight is too small (12.0pt): 
(fancyhdr)                Make it at least 12.0605pt, for example:
(fancyhdr)                \setlength{\headheight}{12.0605pt}.
(fancyhdr)                You might also make \topmargin smaller to compensate:

(fancyhdr)                \addtolength{\topmargin}{-0.0605pt}.

[6

]
Chapter 3.
(todo.tex) [7]

Package fancyhdr Warning: \headheight is too small (12.0pt): 
(fancyhdr)                Make it at least 12.07722pt, for example:
(fancyhdr)                \setlength{\headheight}{12.07722pt}.
(fancyhdr)                You might also make \topmargin smaller to compensate:

(fancyhdr)                \addtolength{\topmargin}{-0.07722pt}.

[8

]
Chapter 4.
(namespaces.tex) [9]

Package fancyhdr Warning: \headheight is too small (12.0pt): 
(fancyhdr)                Make it at least 12.07722pt, for example:
(fancyhdr)                \setlength{\headheight}{12.07722pt}.
(fancyhdr)                You might also make \topmargin smaller to compensate:

(fancyhdr)                \addtolength{\topmargin}{-0.07722pt}.

[10

]
Chapter 5.
(hierarchy.tex) [11]

Package fancyhdr Warning: \headheight is too small (12.0pt): 
(fancyhdr)                Make it at least 12.10808pt, for example:
(fancyhdr)                \setlength{\headheight}{12.10808pt}.
(fancyhdr)                You might also make \topmargin smaller to compensate:

(fancyhdr)                \addtolength{\topmargin}{-0.10808pt}.

[12

]
Chapter 6.
(annotated.tex) [13]

Package fancyhdr Warning: \headheight is too small (12.0pt): 
(fancyhdr)                Make it at least 12.07722pt, for example:
(fancyhdr)                \setlength{\headheight}{12.07722pt}.
(fancyhdr)                You might also make \topmargin smaller to compensate:

(fancyhdr)                \addtolength{\topmargin}{-0.07722pt}.

[14

]
Chapter 7.
(files.tex) [15]

Package fancyhdr Warning: \headheight is too small (12.0pt): 
(fancyhdr)                Make it at least 12.07722pt, for example:
(fancyhdr)                \setlength{\headheight}{12.07722pt}.
(fancyhdr)                You might also make \topmargin smaller to compensate:

(fancyhdr)                \addtolength{\topmargin}{-0.07722pt}.

[16

]
Chapter 8.
(namespace_ui.tex) [17]

Package fancyhdr Warning: \headheight is too small (12.0pt): 
(fancyhdr)                Make it at least 12.07498pt, for example:
(fancyhdr)                \setlength{\headheight}{12.07498pt}.
(fancyhdr)                You might also make \topmargin smaller to compensate:

(fancyhdr)                \addtolength{\topmargin}{-0.07498pt}.

[18

]
Chapter 9.
(class_address_book.tex
LaTeX Font Info:    Font shape `OT1/phv/m/n' will be
(Font)              scaled to size 8.09995pt on input line 16.
LaTeX Font Info:    Font shape `OT1/phv/m/it' in size <9> not available
(Font)              Font shape `OT1/phv/m/sl' tried instead on input line 16.
LaTeX Font Info:    Font shape `OT1/phv/m/sl' will be
(Font)              scaled to size 8.09995pt on input line 16.
LaTeX Font Info:    Font shape `OT1/phv/m/it' in size <7> not available
(Font)              Font shape `OT1/phv/m/sl' tried instead on input line 16.
LaTeX Font Info:    Font shape `OT1/phv/m/sl' will be
(Font)              scaled to size 6.29996pt on input line 16.


LaTeX Font Warning: Font shape `C70/gbsn/m/it' undefined
(Font)              using `C70/gbsn/m/n' instead on input line 16.

LaTeX Font Info:    Font shape `OT1/pcr/m/it' in size <9> not available
(Font)              Font shape `OT1/pcr/m/sl' tried instead on input line 34.
LaTeX Font Info:    Font shape `OT1/pcr/m/it' in size <7> not available
(Font)              Font shape `OT1/pcr/m/sl' tried instead on input line 34.
[19]
LaTeX Font Info:    Font shape `OT1/phv/bc/n' will be
(Font)              scaled to size 8.99994pt on input line 55.

Underfull \hbox (badness 10000) detected at line 55
[][][]
 []


Underfull \hbox (badness 10000) detected at line 58
[][][]
 []


Underfull \hbox (badness 10000) detected at line 61
[][][]
 []

LaTeX Font Info:    Trying to load font information for OMS+pcr on input line 8
7.

(/Users/yongfrank/Library/Application Support/MiKTeX/texmfs/install/tex/latex/p
snfss/omspcr.fd
File: omspcr.fd 
)
LaTeX Font Info:    Font shape `OMS/pcr/m/n' in size <7> not available
(Font)              Font shape `OMS/cmsy/m/n' tried instead on input line 87.
LaTeX Font Info:    Font shape `OT1/pcr/m/it' in size <8> not available
(Font)              Font shape `OT1/pcr/m/sl' tried instead on input line 118.
 [20]
Overfull \vbox (19.97574pt too high) has occurred while \output is active []



Package fancyhdr Warning: \headheight is too small (12.0pt): 
(fancyhdr)                Make it at least 12.02469pt, for example:
(fancyhdr)                \setlength{\headheight}{12.02469pt}.
(fancyhdr)                You might also make \topmargin smaller to compensate:

(fancyhdr)                \addtolength{\topmargin}{-0.02469pt}.

[21]
Underfull \hbox (badness 10000) detected at line 199
[][][]
 []


Underfull \hbox (badness 10000) detected at line 202
[][][]
 []

[22]
Underfull \hbox (badness 10000) detected at line 264
[][][]
 []


Underfull \hbox (badness 10000) detected at line 299
[][][]
 []


Underfull \hbox (badness 10000) detected at line 326
[][][]
 []


Package fancyhdr Warning: \headheight is too small (12.0pt): 
(fancyhdr)                Make it at least 12.02469pt, for example:
(fancyhdr)                \setlength{\headheight}{12.02469pt}.
(fancyhdr)                You might also make \topmargin smaller to compensate:

(fancyhdr)                \addtolength{\topmargin}{-0.02469pt}.

[23]
Underfull \hbox (badness 10000) detected at line 369
[][][]
 []

[24]
Underfull \hbox (badness 10000) detected at line 408
[][][]
 []


Overfull \hbox (148.32649pt too wide) in paragraph at lines 412--413
[]\C70/gbsn/b/n/10/52 ^^[ \C70/gbsn/b/n/10/5e ^^fa \C70/gbsn/b/n/10/7a z\OT1/ph
v/m/n/10 std[]::string\C70/gbsn/b/n/10/76 ^^84 \C70/gbsn/bc/n/10/67 ^^@ \C70/gb
sn/bc/n/10/4f s \C70/gbsn/bc/n/10/65 ^^b9 \C70/gbsn/b/n/10/5f ^^O [][] \OT1/pcr
/m/n/10 http[]://zplutor.[]github.[]io/2016/02/18/best-way-to-create-empty-std-
string/[][] 
 []


Underfull \hbox (badness 10000) detected at line 448
[][][]
 []


Underfull \hbox (badness 10000) detected at line 466
[][][]
 []


Overfull \hbox (105.89645pt too wide) in paragraph at lines 469--470
[]\OT1/phv/m/n/10 C++ \C70/gbsn/b/n/10/4e ^^K \C70/gbsn/b/n/10/68 ^^G \C70/gbsn
/bc/n/10/8f ^^d0 \C70/gbsn/m/n/10/7b ^^97 & [][] \C70/gbsn/b/n/10/91 ^^cd \C70/
gbsn/bc/n/10/8f } [][] \OT1/pcr/m/n/10 https[]://www.[]runoob.[]com/cplusplus/s
ubscripting-operator-overloading.[]
 []


Package fancyhdr Warning: \headheight is too small (12.0pt): 
(fancyhdr)                Make it at least 12.02469pt, for example:
(fancyhdr)                \setlength{\headheight}{12.02469pt}.
(fancyhdr)                You might also make \topmargin smaller to compensate:

(fancyhdr)                \addtolength{\topmargin}{-0.02469pt}.

[25]
Underfull \hbox (badness 10000) detected at line 520
[][][]
 []


Underfull \hbox (badness 10000) detected at line 556
[][][]
 []


Overfull \hbox (78.33273pt too wide) in paragraph at lines 559--560
[]\OT1/phv/m/n/10 C++\C70/gbsn/b/n/10/4e -\OT1/phv/m/n/10 ,\C70/gbsn/b/n/10/7e 
^^d3 \C70/gbsn/bc/n/10/67 ^^84 \C70/gbsn/bc/n/10/4f S\OT1/phv/m/n/10 vector\C70
/gbsn/bc/n/10/4f ^^? \C70/gbsn/b/n/10/75 (\OT1/phv/m/n/10 sort\C70/gbsn/b/n/10/
63 ^^92 \C70/gbsn/b/n/10/5e ^^8f [][] \OT1/pcr/m/n/10 https[]://blog.[]csdn.[]n
et/zhouxun623/article/details/49887555[][] 
 []

LaTeX Font Info:    Font shape `OT1/phv/m/n' will be
(Font)              scaled to size 8.99994pt on input line 582.
LaTeX Font Info:    Font shape `OT1/phv/m/n' will be
(Font)              scaled to size 8.99994pt on input line 582.
LaTeX Font Info:    Font shape `OT1/phv/m/n' will be
(Font)              scaled to size 8.99994pt on input line 582.
LaTeX Font Info:    Font shape `OT1/phv/b/n' will be
(Font)              scaled to size 8.99994pt on input line 582.
LaTeX Font Info:    Font shape `OT1/phv/b/n' will be
(Font)              scaled to size 8.99994pt on input line 582.
LaTeX Font Info:    Font shape `OT1/phv/m/n' will be
(Font)              scaled to size 8.99994pt on input line 582.
LaTeX Font Info:    Font shape `OT1/phv/b/n' will be
(Font)              scaled to size 8.99994pt on input line 582.
LaTeX Font Info:    Font shape `OT1/phv/b/n' will be
(Font)              scaled to size 6.29996pt on input line 582.
[26]) (struct_category.tex

Package fancyhdr Warning: \headheight is too small (12.0pt): 
(fancyhdr)                Make it at least 12.02469pt, for example:
(fancyhdr)                \setlength{\headheight}{12.02469pt}.
(fancyhdr)                You might also make \topmargin smaller to compensate:

(fancyhdr)                \addtolength{\topmargin}{-0.02469pt}.

[27]
LaTeX Font Info:    Font shape `OT1/phv/m/n' will be
(Font)              scaled to size 8.99994pt on input line 90.
LaTeX Font Info:    Font shape `OT1/phv/m/n' will be
(Font)              scaled to size 8.99994pt on input line 90.
LaTeX Font Info:    Font shape `OT1/phv/m/n' will be
(Font)              scaled to size 8.99994pt on input line 90.
LaTeX Font Info:    Font shape `OT1/phv/b/n' will be
(Font)              scaled to size 8.99994pt on input line 90.
LaTeX Font Info:    Font shape `OT1/phv/b/n' will be
(Font)              scaled to size 8.99994pt on input line 90.
LaTeX Font Info:    Font shape `OT1/phv/m/n' will be
(Font)              scaled to size 8.99994pt on input line 90.
LaTeX Font Info:    Font shape `OT1/phv/b/n' will be
(Font)              scaled to size 8.99994pt on input line 90.
LaTeX Font Info:    Font shape `OT1/phv/b/n' will be
(Font)              scaled to size 6.29996pt on input line 90.
 [28]) (class_c_contact.tex

Package fancyhdr Warning: \headheight is too small (12.0pt): 
(fancyhdr)                Make it at least 12.02469pt, for example:
(fancyhdr)                \setlength{\headheight}{12.02469pt}.
(fancyhdr)                You might also make \topmargin smaller to compensate:

(fancyhdr)                \addtolength{\topmargin}{-0.02469pt}.

[29]
Underfull \hbox (badness 10000) detected at line 63
[][][]
 []


Underfull \hbox (badness 10000) detected at line 66
[][][]
 []

[30]
Underfull \hbox (badness 10000) detected at line 69
[][][]
 []

LaTeX Font Info:    Font shape `OT1/phv/b/n' will be
(Font)              scaled to size 7.19995pt on input line 82.

Package fancyhdr Warning: \headheight is too small (12.0pt): 
(fancyhdr)                Make it at least 12.02469pt, for example:
(fancyhdr)                \setlength{\headheight}{12.02469pt}.
(fancyhdr)                You might also make \topmargin smaller to compensate:

(fancyhdr)                \addtolength{\topmargin}{-0.02469pt}.

[31]
Underfull \hbox (badness 10000) detected at line 117
[][][]
 []


Overfull \hbox (245.2695pt too wide) in paragraph at lines 118--119
\OT1/pcr/m/n/10 ://devblogs.[]microsoft.[]com/cppblog/visual-studio-code-c-exte
nsion-july-2020-update-doxygen-comments-and-logpoints/[][] 
 []

[32]
Underfull \hbox (badness 10000) detected at line 230
[][][]
 []


Underfull \hbox (badness 10000) detected at line 250
[][][]
 []


Underfull \hbox (badness 2293) in paragraph at lines 253--254
[]\OT1/phv/m/n/10 C++ \C70/gbsn/b/n/10/4e - \C70/gbsn/b/n/10/76 ^^84 \C70/gbsn/
bc/n/10/8f ^^d0 \C70/gbsn/m/n/10/7b ^^97 & \C70/gbsn/b/n/10/91 ^^cd \C70/gbsn/b
c/n/10/8f } \OT1/pcr/m/n/10 Box operator+(const Box&); [][] https[]://www.[]run
oob.[]
 []


Package fancyhdr Warning: \headheight is too small (12.0pt): 
(fancyhdr)                Make it at least 12.02469pt, for example:
(fancyhdr)                \setlength{\headheight}{12.02469pt}.
(fancyhdr)                You might also make \topmargin smaller to compensate:

(fancyhdr)                \addtolength{\topmargin}{-0.02469pt}.

[33]
Underfull \hbox (badness 10000) detected at line 289
[][][]
 []


Overfull \hbox (78.14859pt too wide) in paragraph at lines 290--291
[]\OT1/phv/m/n/10 C++ \C70/gbsn/m/n/10/8d K \C70/gbsn/m/n/10/50 < \C70/gbsn/bc/
n/10/8f ^^d0 \C70/gbsn/m/n/10/7b ^^97 & \OT1/phv/m/n/10 = \C70/gbsn/b/n/10/91 ^
^cd \C70/gbsn/bc/n/10/8f } [][] \OT1/pcr/m/n/10 https[]://www.[]runoob.[]com/cp
lusplus/assignment-operators-overloading.[]
 []


Underfull \hbox (badness 10000) detected at line 325
[][][]
 []


Underfull \hbox (badness 10000) detected at line 330
[][][]
 []


Overfull \hbox (29.07672pt too wide) in paragraph at lines 331--332
[]\OT1/phv/m/n/10 C++ \C70/gbsn/b/n/10/51 ^^fd \C70/gbsn/bc/n/10/65 p \C70/gbsn
/m/n/10/9e ^^d8 \C70/gbsn/b/n/10/8b ^^a4 \C70/gbsn/bc/n/10/53 ^^c2 \C70/gbsn/bc
/n/10/65 p [][] \OT1/pcr/m/n/10 https[]://www.[]w3cschool.[]cn/cpp/cpp-function
-default-parameters.[]
 []

[34]

Package fancyhdr Warning: \headheight is too small (12.0pt): 
(fancyhdr)                Make it at least 12.02469pt, for example:
(fancyhdr)                \setlength{\headheight}{12.02469pt}.
(fancyhdr)                You might also make \topmargin smaller to compensate:

(fancyhdr)                \addtolength{\topmargin}{-0.02469pt}.

[35]
Underfull \hbox (badness 10000) detected at line 415
[][][]
 []


Underfull \hbox (badness 10000) detected at line 418
[][][]
 []


Underfull \hbox (badness 10000) detected at line 421
[][][]
 []


Overfull \hbox (504.93767pt too wide) in paragraph at lines 422--423
[]\OT1/phv/m/n/10 Overloading the $\OML/cmm/m/it/10 <$$<$ \OT1/phv/m/n/10 Op-er
-a-tor for Your Own Classes [][] \OT1/pcr/m/n/10 https[]://learn.[]microsoft.[]
com/en-us/cpp/standard-library/overloading-the-output-operator-for-your-own-cla
sses?view=msvc-170[][] 
 []


Underfull \hbox (badness 10000) detected at line 454
[][][]
 []


Underfull \hbox (badness 10000) detected at line 457
[][][]
 []


Overfull \hbox (498.93767pt too wide) in paragraph at lines 458--459
[]\OT1/phv/m/n/10 Overloading the $\OML/cmm/m/it/10 >$$>$ \OT1/phv/m/n/10 Op-er
-a-tor for Your Own Classes [][] \OT1/pcr/m/n/10 https[]://learn.[]microsoft.[]
com/en-us/cpp/standard-library/overloading-the-input-operator-for-your-own-clas
ses?view=msvc-170[][] 
 []

[36]
Underfull \hbox (badness 10000) detected at line 492
[][][]
 []

LaTeX Font Info:    Font shape `OT1/phv/m/n' will be
(Font)              scaled to size 8.99994pt on input line 556.
LaTeX Font Info:    Font shape `OT1/phv/m/n' will be
(Font)              scaled to size 8.99994pt on input line 556.
LaTeX Font Info:    Font shape `OT1/phv/m/n' will be
(Font)              scaled to size 8.99994pt on input line 556.
LaTeX Font Info:    Font shape `OT1/phv/b/n' will be
(Font)              scaled to size 8.99994pt on input line 556.
LaTeX Font Info:    Font shape `OT1/phv/b/n' will be
(Font)              scaled to size 8.99994pt on input line 556.

Package fancyhdr Warning: \headheight is too small (12.0pt): 
(fancyhdr)                Make it at least 12.02469pt, for example:
(fancyhdr)                \setlength{\headheight}{12.02469pt}.
(fancyhdr)                You might also make \topmargin smaller to compensate:

(fancyhdr)                \addtolength{\topmargin}{-0.02469pt}.

LaTeX Font Info:    Font shape `OT1/phv/m/n' will be
(Font)              scaled to size 8.99994pt on input line 556.
LaTeX Font Info:    Font shape `OT1/phv/b/n' will be
(Font)              scaled to size 8.99994pt on input line 556.
LaTeX Font Info:    Font shape `OT1/phv/b/n' will be
(Font)              scaled to size 6.29996pt on input line 556.
[37]) (class_widget.tex [38]

Package fancyhdr Warning: \headheight is too small (12.0pt): 
(fancyhdr)                Make it at least 12.02469pt, for example:
(fancyhdr)                \setlength{\headheight}{12.02469pt}.
(fancyhdr)                You might also make \topmargin smaller to compensate:

(fancyhdr)                \addtolength{\topmargin}{-0.02469pt}.

[39]
Underfull \hbox (badness 10000) detected at line 84
[][][]
 []

[40]

Package fancyhdr Warning: \headheight is too small (12.0pt): 
(fancyhdr)                Make it at least 12.02469pt, for example:
(fancyhdr)                \setlength{\headheight}{12.02469pt}.
(fancyhdr)                You might also make \topmargin smaller to compensate:

(fancyhdr)                \addtolength{\topmargin}{-0.02469pt}.

[41]
Underfull \hbox (badness 10000) detected at line 323
[][][]
 []


Overfull \hbox (208.68498pt too wide) in paragraph at lines 324--325
[]\OT1/phv/m/n/10 Qt Delete se-lected row in QTable[]View [][] \OT1/pcr/m/n/10 
https[]://stackoverflow.[]com/questions/19012450/qt-delete-selected-row-in-qtab
leview[][] 
 []

[42]
Underfull \hbox (badness 10000) detected at line 352
[][][]
 []


Underfull \hbox (badness 10000) detected at line 381
[][][]
 []


Underfull \hbox (badness 10000) detected at line 389
[][][]
 []


Package fancyhdr Warning: \headheight is too small (12.0pt): 
(fancyhdr)                Make it at least 12.02469pt, for example:
(fancyhdr)                \setlength{\headheight}{12.02469pt}.
(fancyhdr)                You might also make \topmargin smaller to compensate:

(fancyhdr)                \addtolength{\topmargin}{-0.02469pt}.

[43]
Underfull \hbox (badness 10000) detected at line 451
[][][]
 []

[44]
Underfull \hbox (badness 10000) detected at line 466
[][][]
 []


Underfull \hbox (badness 6825) in paragraph at lines 467--468
\OT1/phv/m/n/10 ob-ject in-stead []clazy-use-static-qregularexpression[] Locati
on[]: /[]Users/yongfrank/[]Developer/[]Cpp/lab/[]
 []


Package fancyhdr Warning: \headheight is too small (12.0pt): 
(fancyhdr)                Make it at least 12.02469pt, for example:
(fancyhdr)                \setlength{\headheight}{12.02469pt}.
(fancyhdr)                You might also make \topmargin smaller to compensate:

(fancyhdr)                \addtolength{\topmargin}{-0.02469pt}.

[45]
Underfull \hbox (badness 10000) detected at line 565
[][][]
 []


Underfull \hbox (badness 10000) detected at line 568
[][][]
 []

[46]
Underfull \hbox (badness 10000) detected at line 690
[][][]
 []


Package fancyhdr Warning: \headheight is too small (12.0pt): 
(fancyhdr)                Make it at least 12.02469pt, for example:
(fancyhdr)                \setlength{\headheight}{12.02469pt}.
(fancyhdr)                You might also make \topmargin smaller to compensate:

(fancyhdr)                \addtolength{\topmargin}{-0.02469pt}.

[47] [48]
Underfull \hbox (badness 10000) detected at line 799
[][][]
 []


Overfull \hbox (140.41447pt too wide) in paragraph at lines 800--801
\OT1/pcr/m/n/10 com/p/47402006[][] \OT1/phv/m/n/10 Ad-dress Book Ex-am-ple [][]
 \OT1/pcr/m/n/10 https[]://doc.[]qt.[]io/qt-6/qtwidgets-itemviews-addressbook-e
xample.[]
 []

)

Package fancyhdr Warning: \headheight is too small (12.0pt): 
(fancyhdr)                Make it at least 12.02469pt, for example:
(fancyhdr)                \setlength{\headheight}{12.02469pt}.
(fancyhdr)                You might also make \topmargin smaller to compensate:

(fancyhdr)                \addtolength{\topmargin}{-0.02469pt}.

[49] [50

]
Chapter 10.
(_address_book_8cpp.tex) (_address_book_8cpp_source.tex [51]

Package fancyhdr Warning: \headheight is too small (12.0pt): 
(fancyhdr)                Make it at least 12.06458pt, for example:
(fancyhdr)                \setlength{\headheight}{12.06458pt}.
(fancyhdr)                You might also make \topmargin smaller to compensate:

(fancyhdr)                \addtolength{\topmargin}{-0.06458pt}.

[52]) (_address_book_8h.tex
Underfull \hbox (badness 10000) in paragraph at lines 3--9

 []

) (_address_book_8h_source.tex

Package fancyhdr Warning: \headheight is too small (12.0pt): 
(fancyhdr)                Make it at least 12.06458pt, for example:
(fancyhdr)                \setlength{\headheight}{12.06458pt}.
(fancyhdr)                You might also make \topmargin smaller to compensate:

(fancyhdr)                \addtolength{\topmargin}{-0.06458pt}.

[53]) (_category_of_address_book_8cpp.tex
Underfull \hbox (badness 10000) in paragraph at lines 3--4

 []

) (_category_of_address_book_8cpp_source.tex) (_c_contact_8cpp.tex
Underfull \hbox (badness 10000) in paragraph at lines 3--4

 []


Package fancyhdr Warning: \headheight is too small (12.0pt): 
(fancyhdr)                Make it at least 12.06458pt, for example:
(fancyhdr)                \setlength{\headheight}{12.06458pt}.
(fancyhdr)                You might also make \topmargin smaller to compensate:

(fancyhdr)                \addtolength{\topmargin}{-0.06458pt}.

[54]
Underfull \hbox (badness 10000) detected at line 49
[][][]
 []


Overfull \hbox (258.08061pt too wide) in paragraph at lines 52--53
[]\OT1/phv/m/n/10 Check if a string con-tains a string in C++ [][] \OT1/pcr/m/n
/10 https[]://stackoverflow.[]com/questions/2340281/check-if-a-string-contains-
a-string-in-c[][] 
 []


Overfull \hbox (98.17749pt too wide) in paragraph at lines 56--57
[]\C70/gbsn/b/n/10/90 ^^Z \C70/gbsn/b/n/10/91 M \C70/gbsn/m/n/10/7b & \C70/gbsn
/b/n/10/ff ^^H ^^_ ^^L$\OMS/cmsy/m/n/10 ^^C$\C70/gbsn/b/n/10/ff ^^I \C70/gbsn/b
/n/10/4e ^^N \C70/gbsn/m/n/10/6b c \C70/gbsn/b/n/10/52 ^^Y \C70/gbsn/m/n/10/88 
h \C70/gbsn/bc/n/10/8f ^^be \C70/gbsn/b/n/10/5f ^^O [][] \OT1/pcr/m/n/10 https[
]://blog.[]csdn.[]net/yh13572438258/article/details/121545229[][] 
 []


Overfull \hbox (43.06403pt too wide) in paragraph at lines 57--58
[]\OT1/phv/m/n/10 str[]::string\C70/gbsn/b/n/10/54 ^^8c\OT1/phv/m/n/10 wchar[][
][]t$\OMS/cmsy/m/n/10 ^^C$\C70/gbsn/b/n/10/76 ^^f8 \C70/gbsn/b/n/10/4e ^^92 \C7
0/gbsn/bc/n/10/8f l \C70/gbsn/bc/n/10/53 ^^V [][] \OT1/pcr/m/n/10 https[]://blo
g.[]csdn.[]net/zddblog/article/details/38670349[][] 
 []


Package fancyhdr Warning: \headheight is too small (12.0pt): 
(fancyhdr)                Make it at least 12.06458pt, for example:
(fancyhdr)                \setlength{\headheight}{12.06458pt}.
(fancyhdr)                You might also make \topmargin smaller to compensate:

(fancyhdr)                \addtolength{\topmargin}{-0.06458pt}.

[55]
Underfull \hbox (badness 10000) detected at line 96
[][][]
 []


Underfull \hbox (badness 10000) detected at line 99
[][][]
 []


Overfull \hbox (504.93767pt too wide) in paragraph at lines 100--101
[]\OT1/phv/m/n/10 Overloading the $\OML/cmm/m/it/10 <$$<$ \OT1/phv/m/n/10 Op-er
-a-tor for Your Own Classes [][] \OT1/pcr/m/n/10 https[]://learn.[]microsoft.[]
com/en-us/cpp/standard-library/overloading-the-output-operator-for-your-own-cla
sses?view=msvc-170[][] 
 []


Underfull \hbox (badness 10000) detected at line 121
[][][]
 []


Overfull \hbox (498.93767pt too wide) in paragraph at lines 122--123
[]\OT1/phv/m/n/10 Overloading the $\OML/cmm/m/it/10 >$$>$ \OT1/phv/m/n/10 Op-er
-a-tor for Your Own Classes [][] \OT1/pcr/m/n/10 https[]://learn.[]microsoft.[]
com/en-us/cpp/standard-library/overloading-the-input-operator-for-your-own-clas
ses?view=msvc-170[][] 
 []


Overfull \vbox (12.32686pt too high) has occurred while \output is active []



Package fancyhdr Warning: \headheight is too small (12.0pt): 
(fancyhdr)                Make it at least 12.06458pt, for example:
(fancyhdr)                \setlength{\headheight}{12.06458pt}.
(fancyhdr)                You might also make \topmargin smaller to compensate:

(fancyhdr)                \addtolength{\topmargin}{-0.06458pt}.

[56]
Underfull \hbox (badness 10000) detected at line 152
[][][]
 []

) (_c_contact_8cpp_source.tex [57]
Overfull \hbox (65.55551pt too wide) in paragraph at lines 109--109
\OT1/pcr/m/n/7 https://devblogs.microsoft.com/cppblog/visual-studio-code-c-exte
nsion-july-2020-update-doxygen-comments-and-logpoints/[]  
 []


Overfull \hbox (65.55551pt too wide) in paragraph at lines 124--124
[]\OT1/pcr/m/n/7 https://devblogs.microsoft.com/cppblog/visual-studio-code-c-ex
tension-july-2020-update-doxygen-comments-and-logpoints/[]  
 []

) (_c_contact_8h.tex
Underfull \hbox (badness 10000) in paragraph at lines 3--7

 []


Package fancyhdr Warning: \headheight is too small (12.0pt): 
(fancyhdr)                Make it at least 12.06458pt, for example:
(fancyhdr)                \setlength{\headheight}{12.06458pt}.
(fancyhdr)                You might also make \topmargin smaller to compensate:

(fancyhdr)                \addtolength{\topmargin}{-0.06458pt}.

[58]
Underfull \hbox (badness 10000) detected at line 37
[][][]
 []


Package fancyhdr Warning: \headheight is too small (12.0pt): 
(fancyhdr)                Make it at least 12.06458pt, for example:
(fancyhdr)                \setlength{\headheight}{12.06458pt}.
(fancyhdr)                You might also make \topmargin smaller to compensate:

(fancyhdr)                \addtolength{\topmargin}{-0.06458pt}.

[59]
Underfull \hbox (badness 10000) detected at line 63
[][][]
 []


Overfull \hbox (258.08061pt too wide) in paragraph at lines 66--67
[]\OT1/phv/m/n/10 Check if a string con-tains a string in C++ [][] \OT1/pcr/m/n
/10 https[]://stackoverflow.[]com/questions/2340281/check-if-a-string-contains-
a-string-in-c[][] 
 []


Overfull \hbox (98.17749pt too wide) in paragraph at lines 70--71
[]\C70/gbsn/b/n/10/90 ^^Z \C70/gbsn/b/n/10/91 M \C70/gbsn/m/n/10/7b & \C70/gbsn
/b/n/10/ff ^^H ^^_ ^^L$\OMS/cmsy/m/n/10 ^^C$\C70/gbsn/b/n/10/ff ^^I \C70/gbsn/b
/n/10/4e ^^N \C70/gbsn/m/n/10/6b c \C70/gbsn/b/n/10/52 ^^Y \C70/gbsn/m/n/10/88 
h \C70/gbsn/bc/n/10/8f ^^be \C70/gbsn/b/n/10/5f ^^O [][] \OT1/pcr/m/n/10 https[
]://blog.[]csdn.[]net/yh13572438258/article/details/121545229[][] 
 []


Overfull \hbox (43.06403pt too wide) in paragraph at lines 71--72
[]\OT1/phv/m/n/10 str[]::string\C70/gbsn/b/n/10/54 ^^8c\OT1/phv/m/n/10 wchar[][
][]t$\OMS/cmsy/m/n/10 ^^C$\C70/gbsn/b/n/10/76 ^^f8 \C70/gbsn/b/n/10/4e ^^92 \C7
0/gbsn/bc/n/10/8f l \C70/gbsn/bc/n/10/53 ^^V [][] \OT1/pcr/m/n/10 https[]://blo
g.[]csdn.[]net/zddblog/article/details/38670349[][] 
 []

) (_c_contact_8h_source.tex

Package fancyhdr Warning: \headheight is too small (12.0pt): 
(fancyhdr)                Make it at least 12.06458pt, for example:
(fancyhdr)                \setlength{\headheight}{12.06458pt}.
(fancyhdr)                You might also make \topmargin smaller to compensate:

(fancyhdr)                \addtolength{\topmargin}{-0.06458pt}.

[60]) (main_8cpp.tex
Underfull \hbox (badness 10000) in paragraph at lines 3--6

 []


Package fancyhdr Warning: \headheight is too small (12.0pt): 
(fancyhdr)                Make it at least 12.06458pt, for example:
(fancyhdr)                \setlength{\headheight}{12.06458pt}.
(fancyhdr)                You might also make \topmargin smaller to compensate:

(fancyhdr)                \addtolength{\topmargin}{-0.06458pt}.

[61]) (main_8cpp_source.tex) (_r_e_a_d_m_e_8md.tex) (widget_8cpp.tex)
(widget_8cpp_source.tex

Package fancyhdr Warning: \headheight is too small (12.0pt): 
(fancyhdr)                Make it at least 12.06458pt, for example:
(fancyhdr)                \setlength{\headheight}{12.06458pt}.
(fancyhdr)                You might also make \topmargin smaller to compensate:

(fancyhdr)                \addtolength{\topmargin}{-0.06458pt}.

[62] [63]

Package fancyhdr Warning: \headheight is too small (12.0pt): 
(fancyhdr)                Make it at least 12.06458pt, for example:
(fancyhdr)                \setlength{\headheight}{12.06458pt}.
(fancyhdr)                You might also make \topmargin smaller to compensate:

(fancyhdr)                \addtolength{\topmargin}{-0.06458pt}.

[64] [65]

Package fancyhdr Warning: \headheight is too small (12.0pt): 
(fancyhdr)                Make it at least 12.06458pt, for example:
(fancyhdr)                \setlength{\headheight}{12.06458pt}.
(fancyhdr)                You might also make \topmargin smaller to compensate:

(fancyhdr)                \addtolength{\topmargin}{-0.06458pt}.

[66]) (widget_8h.tex
Underfull \hbox (badness 10000) in paragraph at lines 3--14

 []

) (widget_8h_source.tex

Package fancyhdr Warning: \headheight is too small (12.0pt): 
(fancyhdr)                Make it at least 12.06458pt, for example:
(fancyhdr)                \setlength{\headheight}{12.06458pt}.
(fancyhdr)                You might also make \topmargin smaller to compensate:

(fancyhdr)                \addtolength{\topmargin}{-0.06458pt}.

[67])

Package fancyhdr Warning: \headheight is too small (12.0pt): 
(fancyhdr)                Make it at least 12.06458pt, for example:
(fancyhdr)                \setlength{\headheight}{12.06458pt}.
(fancyhdr)                You might also make \topmargin smaller to compensate:

(fancyhdr)                \addtolength{\topmargin}{-0.06458pt}.

[68] (refman.ind [69



] [70]) (refman.aux)

LaTeX Font Warning: Some font shapes were not available, defaults substituted.

Package rerunfilecheck Info: File `refman.out' has not changed.
(rerunfilecheck)             Checksum: BF354D085289A153B66858D26EA61AFB;22096.
 ) 
Here is how much of TeX's memory you used:
 22794 strings out of 475286
 387457 string characters out of 2771258
 710838 words of memory out of 3000000
 42164 multiletter control sequences out of 15000+600000
 578601 words of font info for 367 fonts, out of 8000000 for 9000
 1141 hyphenation exceptions out of 8191
 99i,16n,117p,762b,1747s stack positions out of 10000i,1000n,20000p,200000b,80000s
{/Library/Application Support/MiKTeX/texmfs/install/fonts/enc/dvips/base/8r.e
nc}</Library/Application Support/MiKTeX/texmfs/install/fonts/type1/public/amsfo
nts/cm/cmmi10.pfb></Library/Application Support/MiKTeX/texmfs/install/fonts/typ
e1/public/amsfonts/cm/cmmi7.pfb></Library/Application Support/MiKTeX/texmfs/ins
tall/fonts/type1/public/amsfonts/cm/cmmi8.pfb></Library/Application Support/MiK
TeX/texmfs/install/fonts/type1/public/amsfonts/cm/cmmi9.pfb></Library/Applicati
on Support/MiKTeX/texmfs/install/fonts/type1/public/amsfonts/cm/cmsy10.pfb></Li
brary/Application Support/MiKTeX/texmfs/install/fonts/type1/public/amsfonts/cm/
cmsy7.pfb></Library/Application Support/MiKTeX/texmfs/install/fonts/type1/publi
c/amsfonts/cm/cmsy8.pfb></Users/yongfrank/Library/Application Support/MiKTeX/te
xmfs/install/fonts/type1/arphic/gbsnu/gbsnu30.pfb></Users/yongfrank/Library/App
lication Support/MiKTeX/texmfs/install/fonts/type1/arphic/gbsnu/gbsnu4e.pfb></U
sers/yongfrank/Library/Application Support/MiKTeX/texmfs/install/fonts/type1/ar
phic/gbsnu/gbsnu4f.pfb></Users/yongfrank/Library/Application Support/MiKTeX/tex
mfs/install/fonts/type1/arphic/gbsnu/gbsnu50.pfb></Users/yongfrank/Library/Appl
ication Support/MiKTeX/texmfs/install/fonts/type1/arphic/gbsnu/gbsnu51.pfb></Us
ers/yongfrank/Library/Application Support/MiKTeX/texmfs/install/fonts/type1/arp
hic/gbsnu/gbsnu52.pfb></Users/yongfrank/Library/Application Support/MiKTeX/texm
fs/install/fonts/type1/arphic/gbsnu/gbsnu53.pfb></Users/yongfrank/Library/Appli
cation Support/MiKTeX/texmfs/install/fonts/type1/arphic/gbsnu/gbsnu54.pfb></Use
rs/yongfrank/Library/Application Support/MiKTeX/texmfs/install/fonts/type1/arph
ic/gbsnu/gbsnu55.pfb></Users/yongfrank/Library/Application Support/MiKTeX/texmf
s/install/fonts/type1/arphic/gbsnu/gbsnu56.pfb></Users/yongfrank/Library/Applic
ation Support/MiKTeX/texmfs/install/fonts/type1/arphic/gbsnu/gbsnu57.pfb></User
s/yongfrank/Library/Application Support/MiKTeX/texmfs/install/fonts/type1/arphi
c/gbsnu/gbsnu58.pfb></Users/yongfrank/Library/Application Support/MiKTeX/texmfs
/install/fonts/type1/arphic/gbsnu/gbsnu59.pfb></Users/yongfrank/Library/Applica
tion Support/MiKTeX/texmfs/install/fonts/type1/arphic/gbsnu/gbsnu5b.pfb></Users
/yongfrank/Library/Application Support/MiKTeX/texmfs/install/fonts/type1/arphic
/gbsnu/gbsnu5c.pfb></Users/yongfrank/Library/Application Support/MiKTeX/texmfs/
install/fonts/type1/arphic/gbsnu/gbsnu5d.pfb></Users/yongfrank/Library/Applicat
ion Support/MiKTeX/texmfs/install/fonts/type1/arphic/gbsnu/gbsnu5e.pfb></Users/
yongfrank/Library/Application Support/MiKTeX/texmfs/install/fonts/type1/arphic/
gbsnu/gbsnu5f.pfb></Users/yongfrank/Library/Application Support/MiKTeX/texmfs/i
nstall/fonts/type1/arphic/gbsnu/gbsnu60.pfb></Users/yongfrank/Library/Applicati
on Support/MiKTeX/texmfs/install/fonts/type1/arphic/gbsnu/gbsnu61.pfb></Users/y
ongfrank/Library/Application Support/MiKTeX/texmfs/install/fonts/type1/arphic/g
bsnu/gbsnu62.pfb></Users/yongfrank/Library/Application Support/MiKTeX/texmfs/in
stall/fonts/type1/arphic/gbsnu/gbsnu63.pfb></Users/yongfrank/Library/Applicatio
n Support/MiKTeX/texmfs/install/fonts/type1/arphic/gbsnu/gbsnu64.pfb></Users/yo
ngfrank/Library/Application Support/MiKTeX/texmfs/install/fonts/type1/arphic/gb
snu/gbsnu65.pfb></Users/yongfrank/Library/Application Support/MiKTeX/texmfs/ins
tall/fonts/type1/arphic/gbsnu/gbsnu66.pfb></Users/yongfrank/Library/Application
 Support/MiKTeX/texmfs/install/fonts/type1/arphic/gbsnu/gbsnu67.pfb></Users/yon
gfrank/Library/Application Support/MiKTeX/texmfs/install/fonts/type1/arphic/gbs
nu/gbsnu68.pfb></Users/yongfrank/Library/Application Support/MiKTeX/texmfs/inst
all/fonts/type1/arphic/gbsnu/gbsnu69.pfb></Users/yongfrank/Library/Application 
Support/MiKTeX/texmfs/install/fonts/type1/arphic/gbsnu/gbsnu6a.pfb></Users/yong
frank/Library/Application Support/MiKTeX/texmfs/install/fonts/type1/arphic/gbsn
u/gbsnu6b.pfb></Users/yongfrank/Library/Application Support/MiKTeX/texmfs/insta
ll/fonts/type1/arphic/gbsnu/gbsnu6c.pfb></Users/yongfrank/Library/Application S
upport/MiKTeX/texmfs/install/fonts/type1/arphic/gbsnu/gbsnu6d.pfb></Users/yongf
rank/Library/Application Support/MiKTeX/texmfs/install/fonts/type1/arphic/gbsnu
/gbsnu6e.pfb></Users/yongfrank/Library/Application Support/MiKTeX/texmfs/instal
l/fonts/type1/arphic/gbsnu/gbsnu70.pfb></Users/yongfrank/Library/Application Su
pport/MiKTeX/texmfs/install/fonts/type1/arphic/gbsnu/gbsnu71.pfb></Users/yongfr
ank/Library/Application Support/MiKTeX/texmfs/install/fonts/type1/arphic/gbsnu/
gbsnu72.pfb></Users/yongfrank/Library/Application Support/MiKTeX/texmfs/install
/fonts/type1/arphic/gbsnu/gbsnu73.pfb></Users/yongfrank/Library/Application Sup
port/MiKTeX/texmfs/install/fonts/type1/arphic/gbsnu/gbsnu74.pfb></Users/yongfra
nk/Library/Application Support/MiKTeX/texmfs/install/fonts/type1/arphic/gbsnu/g
bsnu75.pfb></Users/yongfrank/Library/Application Support/MiKTeX/texmfs/install/
fonts/type1/arphic/gbsnu/gbsnu76.pfb></Users/yongfrank/Library/Application Supp
ort/MiKTeX/texmfs/install/fonts/type1/arphic/gbsnu/gbsnu77.pfb></Users/yongfran
k/Library/Application Support/MiKTeX/texmfs/install/fonts/type1/arphic/gbsnu/gb
snu78.pfb></Users/yongfrank/Library/Application Support/MiKTeX/texmfs/install/f
onts/type1/arphic/gbsnu/gbsnu79.pfb></Users/yongfrank/Library/Application Suppo
rt/MiKTeX/texmfs/install/fonts/type1/arphic/gbsnu/gbsnu7a.pfb></Users/yongfrank
/Library/Application Support/MiKTeX/texmfs/install/fonts/type1/arphic/gbsnu/gbs
nu7b.pfb></Users/yongfrank/Library/Application Support/MiKTeX/texmfs/install/fo
nts/type1/arphic/gbsnu/gbsnu7c.pfb></Users/yongfrank/Library/Application Suppor
t/MiKTeX/texmfs/install/fonts/type1/arphic/gbsnu/gbsnu7d.pfb></Users/yongfrank/
Library/Application Support/MiKTeX/texmfs/install/fonts/type1/arphic/gbsnu/gbsn
u7e.pfb></Users/yongfrank/Library/Application Support/MiKTeX/texmfs/install/fon
ts/type1/arphic/gbsnu/gbsnu7f.pfb></Users/yongfrank/Library/Application Support
/MiKTeX/texmfs/install/fonts/type1/arphic/gbsnu/gbsnu80.pfb></Users/yongfrank/L
ibrary/Application Support/MiKTeX/texmfs/install/fonts/type1/arphic/gbsnu/gbsnu
81.pfb></Users/yongfrank/Library/Application Support/MiKTeX/texmfs/install/font
s/type1/arphic/gbsnu/gbsnu82.pfb></Users/yongfrank/Library/Application Support/
MiKTeX/texmfs/install/fonts/type1/arphic/gbsnu/gbsnu83.pfb></Users/yongfrank/Li
brary/Application Support/MiKTeX/texmfs/install/fonts/type1/arphic/gbsnu/gbsnu8
4.pfb></Users/yongfrank/Library/Application Support/MiKTeX/texmfs/install/fonts
/type1/arphic/gbsnu/gbsnu88.pfb></Users/yongfrank/Library/Application Support/M
iKTeX/texmfs/install/fonts/type1/arphic/gbsnu/gbsnu89.pfb></Users/yongfrank/Lib
rary/Application Support/MiKTeX/texmfs/install/fonts/type1/arphic/gbsnu/gbsnu8b
.pfb></Users/yongfrank/Library/Application Support/MiKTeX/texmfs/install/fonts/
type1/arphic/gbsnu/gbsnu8c.pfb></Users/yongfrank/Library/Application Support/Mi
KTeX/texmfs/install/fonts/type1/arphic/gbsnu/gbsnu8d.pfb></Users/yongfrank/Libr
ary/Application Support/MiKTeX/texmfs/install/fonts/type1/arphic/gbsnu/gbsnu8f.
pfb></Users/yongfrank/Library/Application Support/MiKTeX/texmfs/install/fonts/t
ype1/arphic/gbsnu/gbsnu90.pfb></Users/yongfrank/Library/Application Support/MiK
TeX/texmfs/install/fonts/type1/arphic/gbsnu/gbsnu91.pfb></Users/yongfrank/Libra
ry/Application Support/MiKTeX/texmfs/install/fonts/type1/arphic/gbsnu/gbsnu94.p
fb></Users/yongfrank/Library/Application Support/MiKTeX/texmfs/install/fonts/ty
pe1/arphic/gbsnu/gbsnu95.pfb></Users/yongfrank/Library/Application Support/MiKT
eX/texmfs/install/fonts/type1/arphic/gbsnu/gbsnu96.pfb></Users/yongfrank/Librar
y/Application Support/MiKTeX/texmfs/install/fonts/type1/arphic/gbsnu/gbsnu97.pf
b></Users/yongfrank/Library/Application Support/MiKTeX/texmfs/install/fonts/typ
e1/arphic/gbsnu/gbsnu98.pfb></Users/yongfrank/Library/Application Support/MiKTe
X/texmfs/install/fonts/type1/arphic/gbsnu/gbsnu99.pfb></Users/yongfrank/Library
/Application Support/MiKTeX/texmfs/install/fonts/type1/arphic/gbsnu/gbsnu9a.pfb
></Users/yongfrank/Library/Application Support/MiKTeX/texmfs/install/fonts/type
1/arphic/gbsnu/gbsnu9e.pfb></Users/yongfrank/Library/Application Support/MiKTeX
/texmfs/install/fonts/type1/arphic/gbsnu/gbsnuff.pfb></Library/Application Supp
ort/MiKTeX/texmfs/install/fonts/type1/urw/courier/ucrb8a.pfb></Library/Applicat
ion Support/MiKTeX/texmfs/install/fonts/type1/urw/courier/ucrr8a.pfb></Library/
Application Support/MiKTeX/texmfs/install/fonts/type1/urw/courier/ucrro8a.pfb><
/Library/Application Support/MiKTeX/texmfs/install/fonts/type1/urw/helvetic/uhv
b8a.pfb></Library/Application Support/MiKTeX/texmfs/install/fonts/type1/urw/hel
vetic/uhvb8ac.pfb></Library/Application Support/MiKTeX/texmfs/install/fonts/typ
e1/urw/helvetic/uhvr8a.pfb></Library/Application Support/MiKTeX/texmfs/install/
fonts/type1/urw/helvetic/uhvro8a.pfb>
Output written on refman.pdf (76 pages, 1328086 bytes).
PDF statistics:
 3942 PDF objects out of 4296 (max. 8388607)
 1229 named destinations out of 1440 (max. 500000)
 1373 words of extra memory for PDF output out of 10000 (max. 10000000)

